{"/home/travis/build/npmtest/node-npmtest-node-phantom/test.js":{"path":"/home/travis/build/npmtest/node-npmtest-node-phantom/test.js","s":{"1":2,"2":2,"3":2,"4":2,"5":2,"6":2,"7":2,"8":1,"9":2,"10":2,"11":1,"12":1,"13":1,"14":1,"15":2,"16":2,"17":2,"18":2,"19":1,"20":1,"21":2,"22":2,"23":2,"24":1,"25":1,"26":1,"27":1,"28":1,"29":1,"30":1,"31":1,"32":1,"33":1,"34":1,"35":1,"36":1,"37":1,"38":1,"39":2,"40":2,"41":1,"42":2,"43":2,"44":1,"45":2,"46":2,"47":1,"48":2,"49":2,"50":1,"51":1,"52":1,"53":1,"54":1},"b":{"1":[2,1,1,1],"2":[1,1,1,1],"3":[1,1],"4":[1,1],"5":[1,1],"6":[1,1],"7":[1,1],"8":[1,1],"9":[1,1],"10":[1,1,1],"11":[1,1],"12":[1,1],"13":[1,1],"14":[1,1],"15":[1,1],"16":[1,1],"17":[1,1]},"f":{"1":2,"2":2,"3":2,"4":2,"5":2,"6":1,"7":1,"8":1,"9":2,"10":2,"11":2,"12":2,"13":1},"fnMap":{"1":{"name":"(anonymous_1)","line":12,"loc":{"start":{"line":12,"column":1},"end":{"line":12,"column":13}}},"2":{"name":"(anonymous_2)","line":19,"loc":{"start":{"line":19,"column":5},"end":{"line":19,"column":17}}},"3":{"name":"(anonymous_3)","line":23,"loc":{"start":{"line":23,"column":24},"end":{"line":23,"column":36}}},"4":{"name":"(anonymous_4)","line":61,"loc":{"start":{"line":61,"column":5},"end":{"line":61,"column":17}}},"5":{"name":"(anonymous_5)","line":82,"loc":{"start":{"line":82,"column":5},"end":{"line":82,"column":17}}},"6":{"name":"(anonymous_6)","line":91,"loc":{"start":{"line":91,"column":77},"end":{"line":94,"column":10}}},"7":{"name":"(anonymous_7)","line":112,"loc":{"start":{"line":112,"column":83},"end":{"line":115,"column":10}},"skip":true},"8":{"name":"(anonymous_8)","line":123,"loc":{"start":{"line":123,"column":77},"end":{"line":126,"column":10}},"skip":true},"9":{"name":"(anonymous_9)","line":139,"loc":{"start":{"line":139,"column":12},"end":{"line":139,"column":40}},"skip":true},"10":{"name":"(anonymous_10)","line":147,"loc":{"start":{"line":147,"column":77},"end":{"line":150,"column":10}},"skip":true},"11":{"name":"(anonymous_11)","line":158,"loc":{"start":{"line":158,"column":83},"end":{"line":161,"column":10}},"skip":true},"12":{"name":"(anonymous_12)","line":169,"loc":{"start":{"line":169,"column":79},"end":{"line":172,"column":10}},"skip":true},"13":{"name":"(anonymous_13)","line":180,"loc":{"start":{"line":180,"column":75},"end":{"line":183,"column":10}},"skip":true}},"statementMap":{"1":{"start":{"line":12,"column":0},"end":{"line":195,"column":5}},"2":{"start":{"line":14,"column":4},"end":{"line":14,"column":14}},"3":{"start":{"line":19,"column":4},"end":{"line":56,"column":9}},"4":{"start":{"line":21,"column":8},"end":{"line":21,"column":19}},"5":{"start":{"line":23,"column":8},"end":{"line":35,"column":13}},"6":{"start":{"line":24,"column":12},"end":{"line":34,"column":13}},"7":{"start":{"line":25,"column":16},"end":{"line":28,"column":30}},"8":{"start":{"line":30,"column":16},"end":{"line":33,"column":27}},"9":{"start":{"line":37,"column":8},"end":{"line":39,"column":21}},"10":{"start":{"line":40,"column":8},"end":{"line":53,"column":9}},"11":{"start":{"line":43,"column":12},"end":{"line":46,"column":14}},"12":{"start":{"line":47,"column":12},"end":{"line":47,"column":18}},"13":{"start":{"line":50,"column":12},"end":{"line":51,"column":33}},"14":{"start":{"line":52,"column":12},"end":{"line":52,"column":18}},"15":{"start":{"line":55,"column":8},"end":{"line":55,"column":35}},"16":{"start":{"line":61,"column":4},"end":{"line":63,"column":9}},"17":{"start":{"line":62,"column":8},"end":{"line":62,"column":15}},"18":{"start":{"line":64,"column":4},"end":{"line":77,"column":5}},"19":{"start":{"line":70,"column":8},"end":{"line":70,"column":14}},"20":{"start":{"line":76,"column":8},"end":{"line":76,"column":14}},"21":{"start":{"line":82,"column":4},"end":{"line":84,"column":9}},"22":{"start":{"line":83,"column":8},"end":{"line":83,"column":15}},"23":{"start":{"line":85,"column":4},"end":{"line":194,"column":5}},"24":{"start":{"line":91,"column":8},"end":{"line":99,"column":10}},"25":{"start":{"line":98,"column":12},"end":{"line":98,"column":35}},"26":{"start":{"line":102,"column":8},"end":{"line":104,"column":63}},"27":{"start":{"line":105,"column":8},"end":{"line":105,"column":14}},"28":{"start":{"line":112,"column":8},"end":{"line":121,"column":10},"skip":true},"29":{"start":{"line":119,"column":12},"end":{"line":119,"column":55},"skip":true},"30":{"start":{"line":120,"column":12},"end":{"line":120,"column":48},"skip":true},"31":{"start":{"line":123,"column":8},"end":{"line":136,"column":10},"skip":true},"32":{"start":{"line":130,"column":12},"end":{"line":130,"column":76},"skip":true},"33":{"start":{"line":131,"column":12},"end":{"line":131,"column":73},"skip":true},"34":{"start":{"line":132,"column":12},"end":{"line":132,"column":74},"skip":true},"35":{"start":{"line":133,"column":12},"end":{"line":133,"column":79},"skip":true},"36":{"start":{"line":134,"column":12},"end":{"line":134,"column":25},"skip":true},"37":{"start":{"line":135,"column":12},"end":{"line":135,"column":45},"skip":true},"38":{"start":{"line":138,"column":8},"end":{"line":145,"column":14},"skip":true},"39":{"start":{"line":143,"column":16},"end":{"line":143,"column":29},"skip":true},"40":{"start":{"line":144,"column":16},"end":{"line":144,"column":55},"skip":true},"41":{"start":{"line":147,"column":8},"end":{"line":156,"column":10},"skip":true},"42":{"start":{"line":154,"column":12},"end":{"line":154,"column":25},"skip":true},"43":{"start":{"line":155,"column":12},"end":{"line":155,"column":45},"skip":true},"44":{"start":{"line":158,"column":8},"end":{"line":167,"column":10},"skip":true},"45":{"start":{"line":165,"column":12},"end":{"line":165,"column":25},"skip":true},"46":{"start":{"line":166,"column":12},"end":{"line":166,"column":48},"skip":true},"47":{"start":{"line":169,"column":8},"end":{"line":178,"column":10},"skip":true},"48":{"start":{"line":176,"column":12},"end":{"line":176,"column":25},"skip":true},"49":{"start":{"line":177,"column":12},"end":{"line":177,"column":46},"skip":true},"50":{"start":{"line":180,"column":8},"end":{"line":189,"column":10},"skip":true},"51":{"start":{"line":187,"column":12},"end":{"line":187,"column":94},"skip":true},"52":{"start":{"line":188,"column":12},"end":{"line":188,"column":48},"skip":true},"53":{"start":{"line":192,"column":8},"end":{"line":192,"column":35},"skip":true},"54":{"start":{"line":193,"column":8},"end":{"line":193,"column":14},"skip":true}},"branchMap":{"1":{"line":25,"type":"binary-expr","locations":[{"start":{"line":25,"column":23},"end":{"line":25,"column":62}},{"start":{"line":26,"column":20},"end":{"line":26,"column":70}},{"start":{"line":27,"column":20},"end":{"line":27,"column":71}},{"start":{"line":28,"column":20},"end":{"line":28,"column":29}}]},"2":{"line":30,"type":"binary-expr","locations":[{"start":{"line":30,"column":23},"end":{"line":30,"column":37}},{"start":{"line":31,"column":20},"end":{"line":31,"column":61}},{"start":{"line":32,"column":20},"end":{"line":32,"column":70}},{"start":{"line":33,"column":20},"end":{"line":33,"column":26}}]},"3":{"line":37,"type":"cond-expr","locations":[{"start":{"line":38,"column":14},"end":{"line":38,"column":20}},{"start":{"line":39,"column":14},"end":{"line":39,"column":20}}]},"4":{"line":40,"type":"switch","locations":[{"start":{"line":42,"column":8},"end":{"line":47,"column":18}},{"start":{"line":49,"column":8},"end":{"line":52,"column":18}}]},"5":{"line":44,"type":"binary-expr","locations":[{"start":{"line":44,"column":16},"end":{"line":44,"column":44}},{"start":{"line":44,"column":48},"end":{"line":44,"column":66}}]},"6":{"line":50,"type":"binary-expr","locations":[{"start":{"line":50,"column":21},"end":{"line":50,"column":49}},{"start":{"line":50,"column":53},"end":{"line":50,"column":72}}]},"7":{"line":64,"type":"switch","locations":[{"start":{"line":69,"column":4},"end":{"line":70,"column":14}},{"start":{"line":75,"column":4},"end":{"line":76,"column":14}}]},"8":{"line":85,"type":"switch","locations":[{"start":{"line":90,"column":4},"end":{"line":105,"column":14}},{"start":{"line":111,"column":4},"end":{"line":193,"column":14},"skip":true}]},"9":{"line":91,"type":"binary-expr","locations":[{"start":{"line":91,"column":42},"end":{"line":91,"column":73}},{"start":{"line":91,"column":77},"end":{"line":99,"column":9}}]},"10":{"line":102,"type":"binary-expr","locations":[{"start":{"line":102,"column":18},"end":{"line":102,"column":32}},{"start":{"line":103,"column":12},"end":{"line":103,"column":53}},{"start":{"line":104,"column":12},"end":{"line":104,"column":61}}]},"11":{"line":112,"type":"binary-expr","locations":[{"start":{"line":112,"column":45},"end":{"line":112,"column":79},"skip":true},{"start":{"line":112,"column":83},"end":{"line":121,"column":9},"skip":true}]},"12":{"line":123,"type":"binary-expr","locations":[{"start":{"line":123,"column":42},"end":{"line":123,"column":73},"skip":true},{"start":{"line":123,"column":77},"end":{"line":136,"column":9},"skip":true}]},"13":{"line":138,"type":"binary-expr","locations":[{"start":{"line":138,"column":48},"end":{"line":138,"column":85},"skip":true},{"start":{"line":139,"column":12},"end":{"line":145,"column":13},"skip":true}]},"14":{"line":147,"type":"binary-expr","locations":[{"start":{"line":147,"column":42},"end":{"line":147,"column":73},"skip":true},{"start":{"line":147,"column":77},"end":{"line":156,"column":9},"skip":true}]},"15":{"line":158,"type":"binary-expr","locations":[{"start":{"line":158,"column":45},"end":{"line":158,"column":79},"skip":true},{"start":{"line":158,"column":83},"end":{"line":167,"column":9},"skip":true}]},"16":{"line":169,"type":"binary-expr","locations":[{"start":{"line":169,"column":43},"end":{"line":169,"column":75},"skip":true},{"start":{"line":169,"column":79},"end":{"line":178,"column":9},"skip":true}]},"17":{"line":180,"type":"binary-expr","locations":[{"start":{"line":180,"column":41},"end":{"line":180,"column":71},"skip":true},{"start":{"line":180,"column":75},"end":{"line":189,"column":9},"skip":true}]}},"code":["/* istanbul instrument in package npmtest_node_phantom */","/*jslint","    bitwise: true,","    browser: true,","    maxerr: 8,","    maxlen: 96,","    node: true,","    nomen: true,","    regexp: true,","    stupid: true","*/","(function () {","    'use strict';","    var local;","","","","    // run shared js-env code - pre-init","    (function () {","        // init local","        local = {};","        // init modeJs","        local.modeJs = (function () {","            try {","                return typeof navigator.userAgent === 'string' &&","                    typeof document.querySelector('body') === 'object' &&","                    typeof XMLHttpRequest.prototype.open === 'function' &&","                    'browser';","            } catch (errorCaughtBrowser) {","                return module.exports &&","                    typeof process.versions.node === 'string' &&","                    typeof require('http').createServer === 'function' &&","                    'node';","            }","        }());","        // init global","        local.global = local.modeJs === 'browser'","            ? window","            : global;","        switch (local.modeJs) {","        // re-init local from window.local","        case 'browser':","            local = local.global.utility2.objectSetDefault(","                local.global.utility2_rollup || local.global.local,","                local.global.utility2","            );","            break;","        // re-init local from example.js","        case 'node':","            local = (local.global.utility2_rollup || require('utility2'))","                .requireReadme();","            break;","        }","        // export local","        local.global.local = local;","    }());","","","","    // run shared js-env code - function","    (function () {","        return;","    }());","    switch (local.modeJs) {","","","","    // run browser js-env code - function","    case 'browser':","        break;","","","","    // run node js-env code - function","    case 'node':","        break;","    }","","","","    // run shared js-env code - post-init","    (function () {","        return;","    }());","    switch (local.modeJs) {","","","","    // run browser js-env code - post-init","    case 'browser':","        local.testCase_browser_nullCase = local.testCase_browser_nullCase || function (","            options,","            onError","        ) {","        /*","         * this function will test browsers's null-case handling-behavior-behavior","         */","            onError(null, options);","        };","","        // run tests","        local.nop(local.modeTest &&","            document.querySelector('#testRunButton1') &&","            document.querySelector('#testRunButton1').click());","        break;","","","","    // run node js-env code - post-init","    /* istanbul ignore next */","    case 'node':","        local.testCase_buildApidoc_default = local.testCase_buildApidoc_default || function (","            options,","            onError","        ) {","        /*","         * this function will test buildApidoc's default handling-behavior-behavior","         */","            options = { modulePathList: module.paths };","            local.buildApidoc(options, onError);","        };","","        local.testCase_buildApp_default = local.testCase_buildApp_default || function (","            options,","            onError","        ) {","        /*","         * this function will test buildApp's default handling-behavior-behavior","         */","            local.testCase_buildReadme_default(options, local.onErrorThrow);","            local.testCase_buildLib_default(options, local.onErrorThrow);","            local.testCase_buildTest_default(options, local.onErrorThrow);","            local.testCase_buildCustomOrg_default(options, local.onErrorThrow);","            options = [];","            local.buildApp(options, onError);","        };","","        local.testCase_buildCustomOrg_default = local.testCase_buildCustomOrg_default ||","            function (options, onError) {","            /*","             * this function will test buildCustomOrg's default handling-behavior","             */","                options = {};","                local.buildCustomOrg(options, onError);","            };","","        local.testCase_buildLib_default = local.testCase_buildLib_default || function (","            options,","            onError","        ) {","        /*","         * this function will test buildLib's default handling-behavior","         */","            options = {};","            local.buildLib(options, onError);","        };","","        local.testCase_buildReadme_default = local.testCase_buildReadme_default || function (","            options,","            onError","        ) {","        /*","         * this function will test buildReadme's default handling-behavior-behavior","         */","            options = {};","            local.buildReadme(options, onError);","        };","","        local.testCase_buildTest_default = local.testCase_buildTest_default || function (","            options,","            onError","        ) {","        /*","         * this function will test buildTest's default handling-behavior","         */","            options = {};","            local.buildTest(options, onError);","        };","","        local.testCase_webpage_default = local.testCase_webpage_default || function (","            options,","            onError","        ) {","        /*","         * this function will test webpage's default handling-behavior","         */","            options = { modeCoverageMerge: true, url: local.serverLocalHost + '?modeTest=1' };","            local.browserTest(options, onError);","        };","","        // run test-server","        local.testRunServer(local);","        break;","    }","}());",""],"l":{"12":2,"14":2,"19":2,"21":2,"23":2,"24":2,"25":2,"30":1,"37":2,"40":2,"43":1,"47":1,"50":1,"52":1,"55":2,"61":2,"62":2,"64":2,"70":1,"76":1,"82":2,"83":2,"85":2,"91":1,"98":1,"102":1,"105":1,"112":1,"119":1,"120":1,"123":1,"130":1,"131":1,"132":1,"133":1,"134":1,"135":1,"138":1,"143":2,"144":2,"147":1,"154":2,"155":2,"158":1,"165":2,"166":2,"169":1,"176":2,"177":2,"180":1,"187":1,"188":1,"192":1,"193":1}},"/home/travis/build/npmtest/node-npmtest-node-phantom/lib.npmtest_node_phantom.js":{"path":"/home/travis/build/npmtest/node-npmtest-node-phantom/lib.npmtest_node_phantom.js","s":{"1":2,"2":2,"3":2,"4":2,"5":2,"6":2,"7":2,"8":1,"9":2,"10":2,"11":2,"12":2,"13":1,"14":1,"15":1,"16":1},"b":{"1":[2,1,1,1],"2":[1,1,1,1],"3":[1,1],"4":[2,2],"5":[1,1]},"f":{"1":2,"2":2,"3":2},"fnMap":{"1":{"name":"(anonymous_1)","line":12,"loc":{"start":{"line":12,"column":1},"end":{"line":12,"column":13}}},"2":{"name":"(anonymous_2)","line":19,"loc":{"start":{"line":19,"column":5},"end":{"line":19,"column":17}}},"3":{"name":"(anonymous_3)","line":23,"loc":{"start":{"line":23,"column":24},"end":{"line":23,"column":36}}}},"statementMap":{"1":{"start":{"line":12,"column":0},"end":{"line":53,"column":5}},"2":{"start":{"line":14,"column":4},"end":{"line":14,"column":14}},"3":{"start":{"line":19,"column":4},"end":{"line":52,"column":9}},"4":{"start":{"line":21,"column":8},"end":{"line":21,"column":19}},"5":{"start":{"line":23,"column":8},"end":{"line":35,"column":13}},"6":{"start":{"line":24,"column":12},"end":{"line":34,"column":13}},"7":{"start":{"line":25,"column":16},"end":{"line":28,"column":30}},"8":{"start":{"line":30,"column":16},"end":{"line":33,"column":27}},"9":{"start":{"line":37,"column":8},"end":{"line":39,"column":21}},"10":{"start":{"line":41,"column":8},"end":{"line":41,"column":54}},"11":{"start":{"line":43,"column":8},"end":{"line":43,"column":57}},"12":{"start":{"line":45,"column":8},"end":{"line":51,"column":9}},"13":{"start":{"line":46,"column":12},"end":{"line":46,"column":63}},"14":{"start":{"line":48,"column":12},"end":{"line":48,"column":35}},"15":{"start":{"line":49,"column":12},"end":{"line":49,"column":49}},"16":{"start":{"line":50,"column":12},"end":{"line":50,"column":43}}},"branchMap":{"1":{"line":25,"type":"binary-expr","locations":[{"start":{"line":25,"column":23},"end":{"line":25,"column":62}},{"start":{"line":26,"column":20},"end":{"line":26,"column":70}},{"start":{"line":27,"column":20},"end":{"line":27,"column":71}},{"start":{"line":28,"column":20},"end":{"line":28,"column":29}}]},"2":{"line":30,"type":"binary-expr","locations":[{"start":{"line":30,"column":23},"end":{"line":30,"column":37}},{"start":{"line":31,"column":20},"end":{"line":31,"column":61}},{"start":{"line":32,"column":20},"end":{"line":32,"column":70}},{"start":{"line":33,"column":20},"end":{"line":33,"column":26}}]},"3":{"line":37,"type":"cond-expr","locations":[{"start":{"line":38,"column":14},"end":{"line":38,"column":20}},{"start":{"line":39,"column":14},"end":{"line":39,"column":20}}]},"4":{"line":41,"type":"binary-expr","locations":[{"start":{"line":41,"column":16},"end":{"line":41,"column":44}},{"start":{"line":41,"column":48},"end":{"line":41,"column":53}}]},"5":{"line":45,"type":"if","locations":[{"start":{"line":45,"column":8},"end":{"line":45,"column":8}},{"start":{"line":45,"column":8},"end":{"line":45,"column":8}}]}},"code":["/* istanbul instrument in package npmtest_node_phantom */","/*jslint","    bitwise: true,","    browser: true,","    maxerr: 8,","    maxlen: 96,","    node: true,","    nomen: true,","    regexp: true,","    stupid: true","*/","(function () {","    'use strict';","    var local;","","","","    // run shared js-env code - pre-init","    (function () {","        // init local","        local = {};","        // init modeJs","        local.modeJs = (function () {","            try {","                return typeof navigator.userAgent === 'string' &&","                    typeof document.querySelector('body') === 'object' &&","                    typeof XMLHttpRequest.prototype.open === 'function' &&","                    'browser';","            } catch (errorCaughtBrowser) {","                return module.exports &&","                    typeof process.versions.node === 'string' &&","                    typeof require('http').createServer === 'function' &&","                    'node';","            }","        }());","        // init global","        local.global = local.modeJs === 'browser'","            ? window","            : global;","        // init utility2_rollup","        local = local.global.utility2_rollup || local;","        // init lib","        local.local = local.npmtest_node_phantom = local;","        // init exports","        if (local.modeJs === 'browser') {","            local.global.utility2_npmtest_node_phantom = local;","        } else {","            module.exports = local;","            module.exports.__dirname = __dirname;","            module.exports.module = module;","        }","    }());","}());",""],"l":{"12":2,"14":2,"19":2,"21":2,"23":2,"24":2,"25":2,"30":1,"37":2,"41":2,"43":2,"45":2,"46":1,"48":1,"49":1,"50":1}},"/home/travis/build/npmtest/node-npmtest-node-phantom/example.js":{"path":"/home/travis/build/npmtest/node-npmtest-node-phantom/example.js","s":{"1":2,"2":2,"3":2,"4":2,"5":2,"6":2,"7":2,"8":1,"9":2,"10":2,"11":2,"12":2,"13":1,"14":2,"15":2,"16":2,"17":2,"18":2,"19":0,"20":2,"21":1,"22":1,"23":1,"24":1,"25":1,"26":0,"27":0,"28":1,"29":1,"30":2,"31":0,"32":0,"33":0,"34":1,"35":2,"36":2,"37":3,"38":3,"39":3,"40":3,"41":0,"42":3,"43":3,"44":3,"45":1,"46":3,"47":1,"48":1,"49":1,"50":1,"51":1,"52":1,"53":1,"54":1,"55":1,"56":1,"57":0,"58":1,"59":6,"60":6,"61":1,"62":2,"63":0,"64":2,"65":1,"66":1,"67":0,"68":0,"69":0,"70":0,"71":0,"72":0,"73":0,"74":0,"75":0,"76":0,"77":0,"78":0,"79":0,"80":0,"81":0,"82":0,"83":0},"b":{"1":[2,1,1,1],"2":[1,1,1,1],"3":[1,1],"4":[2,2],"5":[1,1],"6":[1,1],"7":[2,0],"8":[2,1,1,1,1,1],"9":[0,2,0],"10":[1,1],"11":[2,1,1],"12":[1,0],"13":[0,2],"14":[2,0,0,0,0,0,0],"15":[0,3],"16":[3,0],"17":[1,1],"18":[0,1],"19":[1,2,0,2],"20":[1,0],"21":[1,1],"22":[0,0],"23":[0,0],"24":[0,0],"25":[0,0],"26":[0,0],"27":[0,0],"28":[0,0]},"f":{"1":2,"2":2,"3":2,"4":2,"5":2,"6":2,"7":3,"8":3,"9":3,"10":1,"11":6,"12":0},"fnMap":{"1":{"name":"(anonymous_1)","line":26,"loc":{"start":{"line":26,"column":1},"end":{"line":26,"column":13}}},"2":{"name":"(anonymous_2)","line":33,"loc":{"start":{"line":33,"column":5},"end":{"line":33,"column":17}}},"3":{"name":"(anonymous_3)","line":37,"loc":{"start":{"line":37,"column":24},"end":{"line":37,"column":36}}},"4":{"name":"(anonymous_4)","line":69,"loc":{"start":{"line":69,"column":31},"end":{"line":69,"column":48}},"skip":true},"5":{"name":"(anonymous_5)","line":78,"loc":{"start":{"line":78,"column":26},"end":{"line":78,"column":45}},"skip":true},"6":{"name":"(anonymous_6)","line":123,"loc":{"start":{"line":123,"column":33},"end":{"line":123,"column":48}},"skip":true},"7":{"name":"(anonymous_7)","line":125,"loc":{"start":{"line":125,"column":27},"end":{"line":125,"column":39}},"skip":true},"8":{"name":"(anonymous_8)","line":133,"loc":{"start":{"line":133,"column":59},"end":{"line":133,"column":74}},"skip":true},"9":{"name":"(anonymous_9)","line":143,"loc":{"start":{"line":143,"column":45},"end":{"line":143,"column":62}},"skip":true},"10":{"name":"(anonymous_10)","line":144,"loc":{"start":{"line":144,"column":73},"end":{"line":144,"column":92}},"skip":true},"11":{"name":"(anonymous_11)","line":272,"loc":{"start":{"line":272,"column":51},"end":{"line":272,"column":77}},"skip":true},"12":{"name":"(anonymous_12)","line":315,"loc":{"start":{"line":315,"column":32},"end":{"line":315,"column":61}},"skip":true}},"statementMap":{"1":{"start":{"line":26,"column":0},"end":{"line":326,"column":5}},"2":{"start":{"line":28,"column":4},"end":{"line":28,"column":14}},"3":{"start":{"line":33,"column":4},"end":{"line":60,"column":9}},"4":{"start":{"line":35,"column":8},"end":{"line":35,"column":19}},"5":{"start":{"line":37,"column":8},"end":{"line":49,"column":13}},"6":{"start":{"line":38,"column":12},"end":{"line":48,"column":13}},"7":{"start":{"line":39,"column":16},"end":{"line":42,"column":30}},"8":{"start":{"line":44,"column":16},"end":{"line":47,"column":27}},"9":{"start":{"line":51,"column":8},"end":{"line":53,"column":21}},"10":{"start":{"line":55,"column":8},"end":{"line":57,"column":45}},"11":{"start":{"line":59,"column":8},"end":{"line":59,"column":35}},"12":{"start":{"line":61,"column":4},"end":{"line":325,"column":5}},"13":{"start":{"line":69,"column":8},"end":{"line":121,"column":10},"skip":true},"14":{"start":{"line":70,"column":12},"end":{"line":88,"column":13},"skip":true},"15":{"start":{"line":76,"column":16},"end":{"line":87,"column":19},"skip":true},"16":{"start":{"line":79,"column":20},"end":{"line":86,"column":21},"skip":true},"17":{"start":{"line":82,"column":24},"end":{"line":82,"column":43},"skip":true},"18":{"start":{"line":83,"column":24},"end":{"line":83,"column":30},"skip":true},"19":{"start":{"line":85,"column":24},"end":{"line":85,"column":49},"skip":true},"20":{"start":{"line":89,"column":12},"end":{"line":107,"column":13},"skip":true},"21":{"start":{"line":92,"column":16},"end":{"line":102,"column":17},"skip":true},"22":{"start":{"line":93,"column":20},"end":{"line":93,"column":86},"skip":true},"23":{"start":{"line":94,"column":20},"end":{"line":95,"column":45},"skip":true},"24":{"start":{"line":96,"column":20},"end":{"line":96,"column":42},"skip":true},"25":{"start":{"line":97,"column":20},"end":{"line":97,"column":48},"skip":true},"26":{"start":{"line":100,"column":20},"end":{"line":100,"column":85},"skip":true},"27":{"start":{"line":101,"column":20},"end":{"line":101,"column":96},"skip":true},"28":{"start":{"line":103,"column":16},"end":{"line":103,"column":22},"skip":true},"29":{"start":{"line":106,"column":16},"end":{"line":106,"column":22},"skip":true},"30":{"start":{"line":108,"column":12},"end":{"line":120,"column":13},"skip":true},"31":{"start":{"line":114,"column":16},"end":{"line":119,"column":17},"skip":true},"32":{"start":{"line":116,"column":20},"end":{"line":116,"column":78},"skip":true},"33":{"start":{"line":118,"column":20},"end":{"line":118,"column":47},"skip":true},"34":{"start":{"line":123,"column":8},"end":{"line":141,"column":11},"skip":true},"35":{"start":{"line":124,"column":12},"end":{"line":124,"column":54},"skip":true},"36":{"start":{"line":125,"column":12},"end":{"line":140,"column":14},"skip":true},"37":{"start":{"line":126,"column":16},"end":{"line":126,"column":28},"skip":true},"38":{"start":{"line":127,"column":16},"end":{"line":127,"column":69},"skip":true},"39":{"start":{"line":128,"column":16},"end":{"line":128,"column":75},"skip":true},"40":{"start":{"line":129,"column":16},"end":{"line":131,"column":17},"skip":true},"41":{"start":{"line":130,"column":20},"end":{"line":130,"column":27},"skip":true},"42":{"start":{"line":133,"column":16},"end":{"line":137,"column":36},"skip":true},"43":{"start":{"line":134,"column":20},"end":{"line":136,"column":55},"skip":true},"44":{"start":{"line":139,"column":16},"end":{"line":139,"column":57},"skip":true},"45":{"start":{"line":143,"column":8},"end":{"line":147,"column":11},"skip":true},"46":{"start":{"line":144,"column":12},"end":{"line":146,"column":15},"skip":true},"47":{"start":{"line":145,"column":16},"end":{"line":145,"column":70},"skip":true},"48":{"start":{"line":149,"column":8},"end":{"line":149,"column":31},"skip":true},"49":{"start":{"line":150,"column":8},"end":{"line":150,"column":14},"skip":true},"50":{"start":{"line":158,"column":8},"end":{"line":158,"column":31},"skip":true},"51":{"start":{"line":160,"column":8},"end":{"line":160,"column":33},"skip":true},"52":{"start":{"line":161,"column":8},"end":{"line":161,"column":37},"skip":true},"53":{"start":{"line":162,"column":8},"end":{"line":162,"column":35},"skip":true},"54":{"start":{"line":164,"column":8},"end":{"line":164,"column":50},"skip":true},"55":{"start":{"line":166,"column":8},"end":{"line":256,"column":2},"skip":true},"56":{"start":{"line":258,"column":8},"end":{"line":286,"column":9},"skip":true},"57":{"start":{"line":259,"column":12},"end":{"line":269,"column":14},"skip":true},"58":{"start":{"line":271,"column":12},"end":{"line":285,"column":19},"skip":true},"59":{"start":{"line":274,"column":20},"end":{"line":274,"column":35},"skip":true},"60":{"start":{"line":275,"column":20},"end":{"line":284,"column":21},"skip":true},"61":{"start":{"line":277,"column":24},"end":{"line":277,"column":64},"skip":true},"62":{"start":{"line":279,"column":24},"end":{"line":279,"column":40},"skip":true},"63":{"start":{"line":281,"column":24},"end":{"line":281,"column":40},"skip":true},"64":{"start":{"line":283,"column":24},"end":{"line":283,"column":39},"skip":true},"65":{"start":{"line":288,"column":8},"end":{"line":290,"column":9},"skip":true},"66":{"start":{"line":289,"column":12},"end":{"line":289,"column":18},"skip":true},"67":{"start":{"line":291,"column":8},"end":{"line":293,"column":54},"skip":true},"68":{"start":{"line":296,"column":8},"end":{"line":301,"column":37},"skip":true},"69":{"start":{"line":303,"column":8},"end":{"line":303,"column":82},"skip":true},"70":{"start":{"line":306,"column":8},"end":{"line":308,"column":9},"skip":true},"71":{"start":{"line":307,"column":12},"end":{"line":307,"column":82},"skip":true},"72":{"start":{"line":310,"column":8},"end":{"line":312,"column":9},"skip":true},"73":{"start":{"line":311,"column":12},"end":{"line":311,"column":18},"skip":true},"74":{"start":{"line":313,"column":8},"end":{"line":313,"column":54},"skip":true},"75":{"start":{"line":314,"column":8},"end":{"line":314,"column":69},"skip":true},"76":{"start":{"line":315,"column":8},"end":{"line":323,"column":36},"skip":true},"77":{"start":{"line":316,"column":12},"end":{"line":316,"column":61},"skip":true},"78":{"start":{"line":317,"column":12},"end":{"line":320,"column":13},"skip":true},"79":{"start":{"line":318,"column":16},"end":{"line":318,"column":75},"skip":true},"80":{"start":{"line":319,"column":16},"end":{"line":319,"column":23},"skip":true},"81":{"start":{"line":321,"column":12},"end":{"line":321,"column":38},"skip":true},"82":{"start":{"line":322,"column":12},"end":{"line":322,"column":27},"skip":true},"83":{"start":{"line":324,"column":8},"end":{"line":324,"column":14},"skip":true}},"branchMap":{"1":{"line":39,"type":"binary-expr","locations":[{"start":{"line":39,"column":23},"end":{"line":39,"column":62}},{"start":{"line":40,"column":20},"end":{"line":40,"column":70}},{"start":{"line":41,"column":20},"end":{"line":41,"column":71}},{"start":{"line":42,"column":20},"end":{"line":42,"column":29}}]},"2":{"line":44,"type":"binary-expr","locations":[{"start":{"line":44,"column":23},"end":{"line":44,"column":37}},{"start":{"line":45,"column":20},"end":{"line":45,"column":61}},{"start":{"line":46,"column":20},"end":{"line":46,"column":70}},{"start":{"line":47,"column":20},"end":{"line":47,"column":26}}]},"3":{"line":51,"type":"cond-expr","locations":[{"start":{"line":52,"column":14},"end":{"line":52,"column":20}},{"start":{"line":53,"column":14},"end":{"line":53,"column":20}}]},"4":{"line":55,"type":"binary-expr","locations":[{"start":{"line":55,"column":16},"end":{"line":55,"column":44}},{"start":{"line":55,"column":49},"end":{"line":57,"column":43}}]},"5":{"line":55,"type":"cond-expr","locations":[{"start":{"line":56,"column":14},"end":{"line":56,"column":56}},{"start":{"line":57,"column":14},"end":{"line":57,"column":43}}]},"6":{"line":61,"type":"switch","locations":[{"start":{"line":68,"column":4},"end":{"line":150,"column":14},"skip":true},{"start":{"line":156,"column":4},"end":{"line":324,"column":14},"skip":true}]},"7":{"line":70,"type":"if","locations":[{"start":{"line":70,"column":12},"end":{"line":70,"column":12},"skip":true},{"start":{"line":70,"column":12},"end":{"line":70,"column":12},"skip":true}]},"8":{"line":70,"type":"binary-expr","locations":[{"start":{"line":70,"column":16},"end":{"line":70,"column":22},"skip":true},{"start":{"line":70,"column":27},"end":{"line":70,"column":32},"skip":true},{"start":{"line":71,"column":20},"end":{"line":71,"column":39},"skip":true},{"start":{"line":72,"column":20},"end":{"line":72,"column":49},"skip":true},{"start":{"line":73,"column":20},"end":{"line":73,"column":58},"skip":true},{"start":{"line":74,"column":20},"end":{"line":74,"column":69},"skip":true}]},"9":{"line":79,"type":"switch","locations":[{"start":{"line":80,"column":20},"end":{"line":80,"column":33},"skip":true},{"start":{"line":81,"column":20},"end":{"line":83,"column":30},"skip":true},{"start":{"line":84,"column":20},"end":{"line":85,"column":49},"skip":true}]},"10":{"line":89,"type":"switch","locations":[{"start":{"line":90,"column":12},"end":{"line":103,"column":22},"skip":true},{"start":{"line":105,"column":12},"end":{"line":106,"column":22},"skip":true}]},"11":{"line":89,"type":"binary-expr","locations":[{"start":{"line":89,"column":20},"end":{"line":89,"column":25},"skip":true},{"start":{"line":89,"column":29},"end":{"line":89,"column":48},"skip":true},{"start":{"line":89,"column":52},"end":{"line":89,"column":74},"skip":true}]},"12":{"line":92,"type":"if","locations":[{"start":{"line":92,"column":16},"end":{"line":92,"column":16},"skip":true},{"start":{"line":92,"column":16},"end":{"line":92,"column":16},"skip":true}]},"13":{"line":108,"type":"if","locations":[{"start":{"line":108,"column":12},"end":{"line":108,"column":12},"skip":true},{"start":{"line":108,"column":12},"end":{"line":108,"column":12},"skip":true}]},"14":{"line":108,"type":"binary-expr","locations":[{"start":{"line":108,"column":16},"end":{"line":108,"column":61},"skip":true},{"start":{"line":108,"column":66},"end":{"line":108,"column":72},"skip":true},{"start":{"line":108,"column":77},"end":{"line":108,"column":82},"skip":true},{"start":{"line":109,"column":20},"end":{"line":109,"column":39},"skip":true},{"start":{"line":110,"column":20},"end":{"line":110,"column":49},"skip":true},{"start":{"line":111,"column":20},"end":{"line":111,"column":58},"skip":true},{"start":{"line":112,"column":20},"end":{"line":112,"column":68},"skip":true}]},"15":{"line":129,"type":"if","locations":[{"start":{"line":129,"column":16},"end":{"line":129,"column":16},"skip":true},{"start":{"line":129,"column":16},"end":{"line":129,"column":16},"skip":true}]},"16":{"line":134,"type":"cond-expr","locations":[{"start":{"line":135,"column":26},"end":{"line":135,"column":29},"skip":true},{"start":{"line":136,"column":26},"end":{"line":136,"column":54},"skip":true}]},"17":{"line":164,"type":"binary-expr","locations":[{"start":{"line":164,"column":27},"end":{"line":164,"column":43},"skip":true},{"start":{"line":164,"column":47},"end":{"line":164,"column":49},"skip":true}]},"18":{"line":258,"type":"if","locations":[{"start":{"line":258,"column":8},"end":{"line":258,"column":8},"skip":true},{"start":{"line":258,"column":8},"end":{"line":258,"column":8},"skip":true}]},"19":{"line":275,"type":"switch","locations":[{"start":{"line":276,"column":20},"end":{"line":277,"column":64},"skip":true},{"start":{"line":278,"column":20},"end":{"line":279,"column":40},"skip":true},{"start":{"line":280,"column":20},"end":{"line":281,"column":40},"skip":true},{"start":{"line":282,"column":20},"end":{"line":283,"column":39},"skip":true}]},"20":{"line":288,"type":"if","locations":[{"start":{"line":288,"column":8},"end":{"line":288,"column":8},"skip":true},{"start":{"line":288,"column":8},"end":{"line":288,"column":8},"skip":true}]},"21":{"line":288,"type":"binary-expr","locations":[{"start":{"line":288,"column":12},"end":{"line":288,"column":40},"skip":true},{"start":{"line":288,"column":44},"end":{"line":288,"column":67},"skip":true}]},"22":{"line":292,"type":"binary-expr","locations":[{"start":{"line":292,"column":12},"end":{"line":292,"column":50},"skip":true},{"start":{"line":293,"column":12},"end":{"line":293,"column":53},"skip":true}]},"23":{"line":297,"type":"binary-expr","locations":[{"start":{"line":297,"column":12},"end":{"line":297,"column":70},"skip":true},{"start":{"line":298,"column":12},"end":{"line":301,"column":36},"skip":true}]},"24":{"line":303,"type":"binary-expr","locations":[{"start":{"line":303,"column":43},"end":{"line":303,"column":75},"skip":true},{"start":{"line":303,"column":79},"end":{"line":303,"column":81},"skip":true}]},"25":{"line":306,"type":"if","locations":[{"start":{"line":306,"column":8},"end":{"line":306,"column":8},"skip":true},{"start":{"line":306,"column":8},"end":{"line":306,"column":8},"skip":true}]},"26":{"line":310,"type":"if","locations":[{"start":{"line":310,"column":8},"end":{"line":310,"column":8},"skip":true},{"start":{"line":310,"column":8},"end":{"line":310,"column":8},"skip":true}]},"27":{"line":313,"type":"binary-expr","locations":[{"start":{"line":313,"column":27},"end":{"line":313,"column":43},"skip":true},{"start":{"line":313,"column":47},"end":{"line":313,"column":53},"skip":true}]},"28":{"line":317,"type":"if","locations":[{"start":{"line":317,"column":12},"end":{"line":317,"column":12},"skip":true},{"start":{"line":317,"column":12},"end":{"line":317,"column":12},"skip":true}]}},"code":["/*","example.js","","quickstart example","","instruction","    1. save this script as example.js","    2. run the shell command:","        $ npm install npmtest-node-phantom && PORT=8081 node example.js","    3. play with the browser-demo on http://127.0.0.1:8081","*/","","","","/* istanbul instrument in package npmtest_node_phantom */","/*jslint","    bitwise: true,","    browser: true,","    maxerr: 8,","    maxlen: 96,","    node: true,","    nomen: true,","    regexp: true,","    stupid: true","*/","(function () {","    'use strict';","    var local;","","","","    // run shared js-env code - pre-init","    (function () {","        // init local","        local = {};","        // init modeJs","        local.modeJs = (function () {","            try {","                return typeof navigator.userAgent === 'string' &&","                    typeof document.querySelector('body') === 'object' &&","                    typeof XMLHttpRequest.prototype.open === 'function' &&","                    'browser';","            } catch (errorCaughtBrowser) {","                return module.exports &&","                    typeof process.versions.node === 'string' &&","                    typeof require('http').createServer === 'function' &&","                    'node';","            }","        }());","        // init global","        local.global = local.modeJs === 'browser'","            ? window","            : global;","        // init utility2_rollup","        local = local.global.utility2_rollup || (local.modeJs === 'browser'","            ? local.global.utility2_npmtest_node_phantom","            : global.utility2_moduleExports);","        // export local","        local.global.local = local;","    }());","    switch (local.modeJs) {","","","","    // post-init","    // run browser js-env code - post-init","    /* istanbul ignore next */","    case 'browser':","        local.testRunBrowser = function (event) {","            if (!event || (event &&","                    event.currentTarget &&","                    event.currentTarget.className &&","                    event.currentTarget.className.includes &&","                    event.currentTarget.className.includes('onreset'))) {","                // reset output","                Array.from(","                    document.querySelectorAll('body > .resettable')","                ).forEach(function (element) {","                    switch (element.tagName) {","                    case 'INPUT':","                    case 'TEXTAREA':","                        element.value = '';","                        break;","                    default:","                        element.textContent = '';","                    }","                });","            }","            switch (event && event.currentTarget && event.currentTarget.id) {","            case 'testRunButton1':","                // show tests","                if (document.querySelector('#testReportDiv1').style.display === 'none') {","                    document.querySelector('#testReportDiv1').style.display = 'block';","                    document.querySelector('#testRunButton1').textContent =","                        'hide internal test';","                    local.modeTest = true;","                    local.testRunDefault(local);","                // hide tests","                } else {","                    document.querySelector('#testReportDiv1').style.display = 'none';","                    document.querySelector('#testRunButton1').textContent = 'run internal test';","                }","                break;","            // custom-case","            default:","                break;","            }","            if (document.querySelector('#inputTextareaEval1') && (!event || (event &&","                    event.currentTarget &&","                    event.currentTarget.className &&","                    event.currentTarget.className.includes &&","                    event.currentTarget.className.includes('oneval')))) {","                // try to eval input-code","                try {","                    /*jslint evil: true*/","                    eval(document.querySelector('#inputTextareaEval1').value);","                } catch (errorCaught) {","                    console.error(errorCaught);","                }","            }","        };","        // log stderr and stdout to #outputTextareaStdout1","        ['error', 'log'].forEach(function (key) {","            console[key + '_original'] = console[key];","            console[key] = function () {","                var element;","                console[key + '_original'].apply(console, arguments);","                element = document.querySelector('#outputTextareaStdout1');","                if (!element) {","                    return;","                }","                // append text to #outputTextareaStdout1","                element.value += Array.from(arguments).map(function (arg) {","                    return typeof arg === 'string'","                        ? arg","                        : JSON.stringify(arg, null, 4);","                }).join(' ') + '\\n';","                // scroll textarea to bottom","                element.scrollTop = element.scrollHeight;","            };","        });","        // init event-handling","        ['change', 'click', 'keyup'].forEach(function (event) {","            Array.from(document.querySelectorAll('.on' + event)).forEach(function (element) {","                element.addEventListener(event, local.testRunBrowser);","            });","        });","        // run tests","        local.testRunBrowser();","        break;","","","","    // run node js-env code - post-init","    /* istanbul ignore next */","    case 'node':","        // export local","        module.exports = local;","        // require modules","        local.fs = require('fs');","        local.http = require('http');","        local.url = require('url');","        // init assets","        local.assetsDict = local.assetsDict || {};","        /* jslint-ignore-begin */","        local.assetsDict['/assets.index.template.html'] = '\\","<!doctype html>\\n\\","<html lang=\"en\">\\n\\","<head>\\n\\","<meta charset=\"UTF-8\">\\n\\","<meta name=\"viewport\" content=\"width=device-width, initial-scale=1\">\\n\\","<title>{{env.npm_package_name}} (v{{env.npm_package_version}})</title>\\n\\","<style>\\n\\","/*csslint\\n\\","    box-sizing: false,\\n\\","    universal-selector: false\\n\\","*/\\n\\","* {\\n\\","    box-sizing: border-box;\\n\\","}\\n\\","body {\\n\\","    background: #dde;\\n\\","    font-family: Arial, Helvetica, sans-serif;\\n\\","    margin: 2rem;\\n\\","}\\n\\","body > * {\\n\\","    margin-bottom: 1rem;\\n\\","}\\n\\",".utility2FooterDiv {\\n\\","    margin-top: 20px;\\n\\","    text-align: center;\\n\\","}\\n\\","</style>\\n\\","<style>\\n\\","/*csslint\\n\\","*/\\n\\","textarea {\\n\\","    font-family: monospace;\\n\\","    height: 10rem;\\n\\","    width: 100%;\\n\\","}\\n\\","textarea[readonly] {\\n\\","    background: #ddd;\\n\\","}\\n\\","</style>\\n\\","</head>\\n\\","<body>\\n\\","<!-- utility2-comment\\n\\","<div id=\"ajaxProgressDiv1\" style=\"background: #d00; height: 2px; left: 0; margin: 0; padding: 0; position: fixed; top: 0; transition: background 0.5s, width 1.5s; width: 25%;\"></div>\\n\\","utility2-comment -->\\n\\","<h1>\\n\\","<!-- utility2-comment\\n\\","    <a\\n\\","        {{#if env.npm_package_homepage}}\\n\\","        href=\"{{env.npm_package_homepage}}\"\\n\\","        {{/if env.npm_package_homepage}}\\n\\","        target=\"_blank\"\\n\\","    >\\n\\","utility2-comment -->\\n\\","        {{env.npm_package_name}} (v{{env.npm_package_version}})\\n\\","<!-- utility2-comment\\n\\","    </a>\\n\\","utility2-comment -->\\n\\","</h1>\\n\\","<h3>{{env.npm_package_description}}</h3>\\n\\","<!-- utility2-comment\\n\\","<h4><a download href=\"assets.app.js\">download standalone app</a></h4>\\n\\","<button class=\"onclick onreset\" id=\"testRunButton1\">run internal test</button><br>\\n\\","<div id=\"testReportDiv1\" style=\"display: none;\"></div>\\n\\","utility2-comment -->\\n\\","\\n\\","\\n\\","\\n\\","<label>stderr and stdout</label>\\n\\","<textarea class=\"resettable\" id=\"outputTextareaStdout1\" readonly></textarea>\\n\\","<!-- utility2-comment\\n\\","{{#if isRollup}}\\n\\","<script src=\"assets.app.js\"></script>\\n\\","{{#unless isRollup}}\\n\\","utility2-comment -->\\n\\","<script src=\"assets.utility2.rollup.js\"></script>\\n\\","<script src=\"jsonp.utility2._stateInit?callback=window.utility2._stateInit\"></script>\\n\\","<script src=\"assets.npmtest_node_phantom.rollup.js\"></script>\\n\\","<script src=\"assets.example.js\"></script>\\n\\","<script src=\"assets.test.js\"></script>\\n\\","<!-- utility2-comment\\n\\","{{/if isRollup}}\\n\\","utility2-comment -->\\n\\","<div class=\"utility2FooterDiv\">\\n\\","    [ this app was created with\\n\\","    <a href=\"https://github.com/kaizhu256/node-utility2\" target=\"_blank\">utility2</a>\\n\\","    ]\\n\\","</div>\\n\\","</body>\\n\\","</html>\\n\\","';","        /* jslint-ignore-end */","        if (local.templateRender) {","            local.assetsDict['/'] = local.templateRender(","                local.assetsDict['/assets.index.template.html'],","                {","                    env: local.objectSetDefault(local.env, {","                        npm_package_description: 'the greatest app in the world!',","                        npm_package_name: 'my-app',","                        npm_package_nameAlias: 'my_app',","                        npm_package_version: '0.0.1'","                    })","                }","            );","        } else {","            local.assetsDict['/'] = local.assetsDict['/assets.index.template.html']","                .replace((/\\{\\{env\\.(\\w+?)\\}\\}/g), function (match0, match1) {","                    // jslint-hack","                    String(match0);","                    switch (match1) {","                    case 'npm_package_description':","                        return 'the greatest app in the world!';","                    case 'npm_package_name':","                        return 'my-app';","                    case 'npm_package_nameAlias':","                        return 'my_app';","                    case 'npm_package_version':","                        return '0.0.1';","                    }","                });","        }","        // run the cli","        if (local.global.utility2_rollup || module !== require.main) {","            break;","        }","        local.assetsDict['/assets.example.js'] =","            local.assetsDict['/assets.example.js'] ||","            local.fs.readFileSync(__filename, 'utf8');","        // bug-workaround - long $npm_package_buildCustomOrg","        /* jslint-ignore-begin */","        local.assetsDict['/assets.npmtest_node_phantom.rollup.js'] =","            local.assetsDict['/assets.npmtest_node_phantom.rollup.js'] ||","            local.fs.readFileSync(","                local.npmtest_node_phantom.__dirname + '/lib.npmtest_node_phantom.js',","                'utf8'","            ).replace((/^#!/), '//');","        /* jslint-ignore-end */","        local.assetsDict['/favicon.ico'] = local.assetsDict['/favicon.ico'] || '';","        // if $npm_config_timeout_exit exists,","        // then exit this process after $npm_config_timeout_exit ms","        if (Number(process.env.npm_config_timeout_exit)) {","            setTimeout(process.exit, Number(process.env.npm_config_timeout_exit));","        }","        // start server","        if (local.global.utility2_serverHttp1) {","            break;","        }","        process.env.PORT = process.env.PORT || '8081';","        console.error('server starting on port ' + process.env.PORT);","        local.http.createServer(function (request, response) {","            request.urlParsed = local.url.parse(request.url);","            if (local.assetsDict[request.urlParsed.pathname] !== undefined) {","                response.end(local.assetsDict[request.urlParsed.pathname]);","                return;","            }","            response.statusCode = 404;","            response.end();","        }).listen(process.env.PORT);","        break;","    }","}());",""],"l":{"26":2,"28":2,"33":2,"35":2,"37":2,"38":2,"39":2,"44":1,"51":2,"55":2,"59":2,"61":2,"69":1,"70":2,"76":2,"79":2,"82":2,"83":2,"85":1,"89":2,"92":1,"93":1,"94":1,"96":1,"97":1,"100":1,"101":1,"103":1,"106":1,"108":2,"114":1,"116":1,"118":1,"123":1,"124":2,"125":2,"126":3,"127":3,"128":3,"129":3,"130":1,"133":3,"134":3,"139":3,"143":1,"144":3,"145":1,"149":1,"150":1,"158":1,"160":1,"161":1,"162":1,"164":1,"166":1,"258":1,"259":1,"271":1,"274":6,"275":6,"277":1,"279":2,"281":1,"283":2,"288":1,"289":1,"291":1,"296":1,"303":1,"306":1,"307":1,"310":1,"311":1,"313":1,"314":1,"315":1,"316":1,"317":1,"318":1,"319":1,"321":1,"322":1,"324":1}},"/home/travis/build/npmtest/node-npmtest-node-phantom/node_modules/node-phantom/node-phantom.js":{"path":"/home/travis/build/npmtest/node-npmtest-node-phantom/node_modules/node-phantom/node-phantom.js","s":{"1":1,"2":1,"3":1,"4":1,"5":0,"6":0,"7":0,"8":1,"9":0,"10":1,"11":0,"12":0,"13":0,"14":0,"15":0,"16":0,"17":1,"18":0,"19":0,"20":0,"21":0,"22":0,"23":0,"24":0,"25":0,"26":0,"27":0,"28":0,"29":0,"30":0,"31":0,"32":0,"33":0,"34":0,"35":0,"36":0,"37":0,"38":0,"39":0,"40":0,"41":0,"42":0,"43":0,"44":0,"45":0,"46":0,"47":1,"48":0,"49":0,"50":0,"51":0,"52":0,"53":0,"54":0,"55":0,"56":0,"57":0,"58":0,"59":0,"60":0,"61":0,"62":0,"63":0,"64":0,"65":0,"66":0,"67":0,"68":0,"69":0,"70":0,"71":0,"72":0,"73":0,"74":0,"75":0,"76":0,"77":0,"78":0,"79":0,"80":0,"81":0,"82":0,"83":0,"84":0,"85":0,"86":0,"87":0,"88":0,"89":0,"90":0,"91":0,"92":0,"93":0,"94":0,"95":0,"96":0,"97":0,"98":0,"99":0,"100":0,"101":0,"102":0,"103":0,"104":0,"105":0,"106":0,"107":0,"108":0,"109":0,"110":0,"111":0,"112":0,"113":0,"114":0,"115":0,"116":0,"117":0,"118":0,"119":0,"120":0},"b":{"1":[0,0],"2":[0,0],"3":[0,0],"4":[0,0],"5":[0,0],"6":[0,0],"7":[0,0],"8":[0,0,0,0,0,0,0,0,0,0,0,0,0,0,0,0,0,0],"9":[0,0],"10":[0,0],"11":[0,0],"12":[0,0],"13":[0,0]},"f":{"1":0,"2":0,"3":0,"4":0,"5":0,"6":0,"7":0,"8":0,"9":0,"10":0,"11":0,"12":0,"13":0,"14":0,"15":0,"16":0,"17":0,"18":0,"19":0,"20":0,"21":0,"22":0,"23":0,"24":0,"25":0,"26":0,"27":0,"28":0,"29":0,"30":0,"31":0,"32":0,"33":0,"34":0,"35":0,"36":0,"37":0},"fnMap":{"1":{"name":"callbackOrDummy","line":7,"loc":{"start":{"line":7,"column":0},"end":{"line":7,"column":34}}},"2":{"name":"(anonymous_2)","line":8,"loc":{"start":{"line":8,"column":34},"end":{"line":8,"column":44}}},"3":{"name":"unwrapArray","line":11,"loc":{"start":{"line":11,"column":0},"end":{"line":11,"column":26}}},"4":{"name":"(anonymous_4)","line":16,"loc":{"start":{"line":16,"column":8},"end":{"line":16,"column":34}}},"5":{"name":"spawnPhantom","line":21,"loc":{"start":{"line":21,"column":2},"end":{"line":21,"column":38}}},"6":{"name":"(anonymous_6)","line":29,"loc":{"start":{"line":29,"column":28},"end":{"line":29,"column":42}}},"7":{"name":"(anonymous_7)","line":32,"loc":{"start":{"line":32,"column":28},"end":{"line":32,"column":42}}},"8":{"name":"(anonymous_8)","line":36,"loc":{"start":{"line":36,"column":22},"end":{"line":36,"column":32}}},"9":{"name":"(anonymous_9)","line":39,"loc":{"start":{"line":39,"column":21},"end":{"line":39,"column":35}}},"10":{"name":"(anonymous_10)","line":42,"loc":{"start":{"line":42,"column":14},"end":{"line":42,"column":24}}},"11":{"name":"(anonymous_11)","line":47,"loc":{"start":{"line":47,"column":31},"end":{"line":47,"column":57}}},"12":{"name":"(anonymous_12)","line":58,"loc":{"start":{"line":58,"column":12},"end":{"line":58,"column":22}}},"13":{"name":"(anonymous_13)","line":62,"loc":{"start":{"line":62,"column":21},"end":{"line":62,"column":42}}},"14":{"name":"request","line":71,"loc":{"start":{"line":71,"column":4},"end":{"line":71,"column":42}}},"15":{"name":"(anonymous_15)","line":80,"loc":{"start":{"line":80,"column":31},"end":{"line":80,"column":47}}},"16":{"name":"(anonymous_16)","line":81,"loc":{"start":{"line":81,"column":21},"end":{"line":81,"column":39}}},"17":{"name":"(anonymous_17)","line":88,"loc":{"start":{"line":88,"column":13},"end":{"line":88,"column":36}}},"18":{"name":"(anonymous_18)","line":95,"loc":{"start":{"line":95,"column":14},"end":{"line":95,"column":32}}},"19":{"name":"(anonymous_19)","line":98,"loc":{"start":{"line":98,"column":15},"end":{"line":98,"column":42}}},"20":{"name":"(anonymous_20)","line":101,"loc":{"start":{"line":101,"column":21},"end":{"line":101,"column":49}}},"21":{"name":"(anonymous_21)","line":104,"loc":{"start":{"line":104,"column":17},"end":{"line":104,"column":39}}},"22":{"name":"(anonymous_22)","line":107,"loc":{"start":{"line":107,"column":18},"end":{"line":107,"column":40}}},"23":{"name":"(anonymous_23)","line":110,"loc":{"start":{"line":110,"column":18},"end":{"line":110,"column":46}}},"24":{"name":"(anonymous_24)","line":113,"loc":{"start":{"line":113,"column":19},"end":{"line":113,"column":55}}},"25":{"name":"(anonymous_25)","line":116,"loc":{"start":{"line":116,"column":17},"end":{"line":116,"column":45}}},"26":{"name":"(anonymous_26)","line":119,"loc":{"start":{"line":119,"column":43},"end":{"line":119,"column":71}}},"27":{"name":"(anonymous_27)","line":122,"loc":{"start":{"line":122,"column":12},"end":{"line":122,"column":41}}},"28":{"name":"(anonymous_28)","line":125,"loc":{"start":{"line":125,"column":12},"end":{"line":125,"column":35}}},"29":{"name":"(anonymous_29)","line":128,"loc":{"start":{"line":128,"column":15},"end":{"line":128,"column":56}}},"30":{"name":"(anonymous_30)","line":131,"loc":{"start":{"line":131,"column":21},"end":{"line":131,"column":50}}},"31":{"name":"(anonymous_31)","line":186,"loc":{"start":{"line":186,"column":23},"end":{"line":186,"column":41}}},"32":{"name":"(anonymous_32)","line":193,"loc":{"start":{"line":193,"column":17},"end":{"line":193,"column":35}}},"33":{"name":"(anonymous_33)","line":196,"loc":{"start":{"line":196,"column":15},"end":{"line":196,"column":42}}},"34":{"name":"(anonymous_34)","line":199,"loc":{"start":{"line":199,"column":17},"end":{"line":199,"column":43}}},"35":{"name":"(anonymous_35)","line":202,"loc":{"start":{"line":202,"column":11},"end":{"line":202,"column":29}}},"36":{"name":"(anonymous_36)","line":206,"loc":{"start":{"line":206,"column":10},"end":{"line":206,"column":20}}},"37":{"name":"(anonymous_37)","line":217,"loc":{"start":{"line":217,"column":29},"end":{"line":217,"column":50}}}},"statementMap":{"1":{"start":{"line":3,"column":0},"end":{"line":3,"column":25}},"2":{"start":{"line":4,"column":0},"end":{"line":4,"column":34}},"3":{"start":{"line":5,"column":0},"end":{"line":5,"column":35}},"4":{"start":{"line":7,"column":0},"end":{"line":10,"column":1}},"5":{"start":{"line":8,"column":1},"end":{"line":8,"column":47}},"6":{"start":{"line":8,"column":25},"end":{"line":8,"column":47}},"7":{"start":{"line":9,"column":1},"end":{"line":9,"column":17}},"8":{"start":{"line":11,"column":0},"end":{"line":13,"column":1}},"9":{"start":{"line":12,"column":1},"end":{"line":12,"column":45}},"10":{"start":{"line":15,"column":0},"end":{"line":226,"column":2}},"11":{"start":{"line":17,"column":2},"end":{"line":17,"column":36}},"12":{"start":{"line":17,"column":25},"end":{"line":17,"column":36}},"13":{"start":{"line":18,"column":2},"end":{"line":18,"column":69}},"14":{"start":{"line":18,"column":37},"end":{"line":18,"column":69}},"15":{"start":{"line":19,"column":2},"end":{"line":19,"column":58}},"16":{"start":{"line":19,"column":36},"end":{"line":19,"column":58}},"17":{"start":{"line":21,"column":2},"end":{"line":45,"column":3}},"18":{"start":{"line":22,"column":3},"end":{"line":22,"column":15}},"19":{"start":{"line":23,"column":3},"end":{"line":25,"column":4}},"20":{"start":{"line":24,"column":4},"end":{"line":24,"column":60}},"21":{"start":{"line":26,"column":3},"end":{"line":26,"column":54}},"22":{"start":{"line":28,"column":3},"end":{"line":28,"column":53}},"23":{"start":{"line":29,"column":3},"end":{"line":31,"column":6}},"24":{"start":{"line":30,"column":4},"end":{"line":30,"column":48}},"25":{"start":{"line":32,"column":3},"end":{"line":34,"column":6}},"26":{"start":{"line":33,"column":4},"end":{"line":33,"column":49}},"27":{"start":{"line":35,"column":3},"end":{"line":35,"column":23}},"28":{"start":{"line":36,"column":3},"end":{"line":38,"column":6}},"29":{"start":{"line":37,"column":4},"end":{"line":37,"column":19}},"30":{"start":{"line":39,"column":3},"end":{"line":41,"column":6}},"31":{"start":{"line":40,"column":4},"end":{"line":40,"column":19}},"32":{"start":{"line":42,"column":3},"end":{"line":44,"column":10}},"33":{"start":{"line":43,"column":4},"end":{"line":43,"column":32}},"34":{"start":{"line":47,"column":2},"end":{"line":224,"column":5}},"35":{"start":{"line":48,"column":3},"end":{"line":48,"column":57}},"36":{"start":{"line":49,"column":3},"end":{"line":57,"column":42}},"37":{"start":{"line":59,"column":3},"end":{"line":59,"column":50}},"38":{"start":{"line":61,"column":3},"end":{"line":61,"column":34}},"39":{"start":{"line":62,"column":3},"end":{"line":223,"column":6}},"40":{"start":{"line":63,"column":4},"end":{"line":67,"column":5}},"41":{"start":{"line":64,"column":5},"end":{"line":64,"column":20}},"42":{"start":{"line":65,"column":5},"end":{"line":65,"column":20}},"43":{"start":{"line":66,"column":5},"end":{"line":66,"column":12}},"44":{"start":{"line":68,"column":4},"end":{"line":68,"column":17}},"45":{"start":{"line":69,"column":4},"end":{"line":69,"column":16}},"46":{"start":{"line":70,"column":4},"end":{"line":70,"column":16}},"47":{"start":{"line":71,"column":4},"end":{"line":78,"column":5}},"48":{"start":{"line":72,"column":5},"end":{"line":72,"column":28}},"49":{"start":{"line":74,"column":5},"end":{"line":74,"column":45}},"50":{"start":{"line":76,"column":5},"end":{"line":76,"column":31}},"51":{"start":{"line":77,"column":5},"end":{"line":77,"column":13}},"52":{"start":{"line":80,"column":4},"end":{"line":213,"column":7}},"53":{"start":{"line":81,"column":5},"end":{"line":185,"column":8}},"54":{"start":{"line":83,"column":6},"end":{"line":83,"column":25}},"55":{"start":{"line":84,"column":6},"end":{"line":84,"column":28}},"56":{"start":{"line":85,"column":6},"end":{"line":184,"column":7}},"57":{"start":{"line":87,"column":7},"end":{"line":134,"column":8}},"58":{"start":{"line":89,"column":9},"end":{"line":93,"column":10}},"59":{"start":{"line":90,"column":10},"end":{"line":90,"column":49}},"60":{"start":{"line":92,"column":10},"end":{"line":92,"column":71}},"61":{"start":{"line":96,"column":9},"end":{"line":96,"column":68}},"62":{"start":{"line":99,"column":9},"end":{"line":99,"column":78}},"63":{"start":{"line":102,"column":9},"end":{"line":102,"column":85}},"64":{"start":{"line":105,"column":9},"end":{"line":105,"column":75}},"65":{"start":{"line":108,"column":9},"end":{"line":108,"column":76}},"66":{"start":{"line":111,"column":9},"end":{"line":111,"column":82}},"67":{"start":{"line":114,"column":9},"end":{"line":114,"column":91}},"68":{"start":{"line":117,"column":9},"end":{"line":117,"column":140}},"69":{"start":{"line":120,"column":9},"end":{"line":120,"column":145}},"70":{"start":{"line":123,"column":9},"end":{"line":123,"column":77}},"71":{"start":{"line":126,"column":9},"end":{"line":126,"column":71}},"72":{"start":{"line":129,"column":9},"end":{"line":129,"column":104}},"73":{"start":{"line":132,"column":9},"end":{"line":132,"column":110}},"74":{"start":{"line":135,"column":7},"end":{"line":135,"column":29}},"75":{"start":{"line":136,"column":7},"end":{"line":136,"column":38}},"76":{"start":{"line":137,"column":7},"end":{"line":137,"column":26}},"77":{"start":{"line":138,"column":7},"end":{"line":138,"column":13}},"78":{"start":{"line":140,"column":7},"end":{"line":140,"column":37}},"79":{"start":{"line":141,"column":7},"end":{"line":141,"column":22}},"80":{"start":{"line":142,"column":7},"end":{"line":142,"column":44}},"81":{"start":{"line":143,"column":7},"end":{"line":143,"column":24}},"82":{"start":{"line":144,"column":7},"end":{"line":144,"column":26}},"83":{"start":{"line":145,"column":7},"end":{"line":145,"column":13}},"84":{"start":{"line":148,"column":7},"end":{"line":148,"column":68}},"85":{"start":{"line":149,"column":7},"end":{"line":149,"column":26}},"86":{"start":{"line":150,"column":7},"end":{"line":150,"column":13}},"87":{"start":{"line":152,"column":7},"end":{"line":157,"column":8}},"88":{"start":{"line":153,"column":8},"end":{"line":155,"column":9}},"89":{"start":{"line":154,"column":9},"end":{"line":154,"column":43}},"90":{"start":{"line":156,"column":8},"end":{"line":156,"column":27}},"91":{"start":{"line":158,"column":7},"end":{"line":158,"column":13}},"92":{"start":{"line":160,"column":7},"end":{"line":160,"column":40}},"93":{"start":{"line":161,"column":7},"end":{"line":161,"column":26}},"94":{"start":{"line":162,"column":7},"end":{"line":162,"column":13}},"95":{"start":{"line":165,"column":7},"end":{"line":165,"column":52}},"96":{"start":{"line":166,"column":7},"end":{"line":166,"column":26}},"97":{"start":{"line":167,"column":7},"end":{"line":167,"column":13}},"98":{"start":{"line":169,"column":7},"end":{"line":169,"column":24}},"99":{"start":{"line":178,"column":7},"end":{"line":178,"column":28}},"100":{"start":{"line":179,"column":7},"end":{"line":179,"column":26}},"101":{"start":{"line":180,"column":7},"end":{"line":180,"column":13}},"102":{"start":{"line":182,"column":7},"end":{"line":182,"column":60}},"103":{"start":{"line":183,"column":7},"end":{"line":183,"column":13}},"104":{"start":{"line":186,"column":5},"end":{"line":191,"column":8}},"105":{"start":{"line":187,"column":6},"end":{"line":187,"column":26}},"106":{"start":{"line":188,"column":6},"end":{"line":188,"column":27}},"107":{"start":{"line":189,"column":6},"end":{"line":189,"column":77}},"108":{"start":{"line":190,"column":6},"end":{"line":190,"column":40}},"109":{"start":{"line":192,"column":5},"end":{"line":210,"column":7}},"110":{"start":{"line":194,"column":7},"end":{"line":194,"column":66}},"111":{"start":{"line":197,"column":7},"end":{"line":197,"column":73}},"112":{"start":{"line":200,"column":7},"end":{"line":200,"column":73}},"113":{"start":{"line":203,"column":7},"end":{"line":203,"column":59}},"114":{"start":{"line":204,"column":7},"end":{"line":204,"column":60}},"115":{"start":{"line":207,"column":7},"end":{"line":207,"column":44}},"116":{"start":{"line":212,"column":5},"end":{"line":212,"column":26}},"117":{"start":{"line":217,"column":4},"end":{"line":220,"column":6}},"118":{"start":{"line":218,"column":5},"end":{"line":218,"column":47}},"119":{"start":{"line":219,"column":5},"end":{"line":219,"column":20}},"120":{"start":{"line":222,"column":4},"end":{"line":222,"column":44}}},"branchMap":{"1":{"line":8,"type":"if","locations":[{"start":{"line":8,"column":1},"end":{"line":8,"column":1}},{"start":{"line":8,"column":1},"end":{"line":8,"column":1}}]},"2":{"line":12,"type":"cond-expr","locations":[{"start":{"line":12,"column":33},"end":{"line":12,"column":39}},{"start":{"line":12,"column":42},"end":{"line":12,"column":45}}]},"3":{"line":12,"type":"binary-expr","locations":[{"start":{"line":12,"column":8},"end":{"line":12,"column":11}},{"start":{"line":12,"column":15},"end":{"line":12,"column":30}}]},"4":{"line":17,"type":"if","locations":[{"start":{"line":17,"column":2},"end":{"line":17,"column":2}},{"start":{"line":17,"column":2},"end":{"line":17,"column":2}}]},"5":{"line":18,"type":"if","locations":[{"start":{"line":18,"column":2},"end":{"line":18,"column":2}},{"start":{"line":18,"column":2},"end":{"line":18,"column":2}}]},"6":{"line":19,"type":"if","locations":[{"start":{"line":19,"column":2},"end":{"line":19,"column":2}},{"start":{"line":19,"column":2},"end":{"line":19,"column":2}}]},"7":{"line":63,"type":"if","locations":[{"start":{"line":63,"column":4},"end":{"line":63,"column":4}},{"start":{"line":63,"column":4},"end":{"line":63,"column":4}}]},"8":{"line":85,"type":"switch","locations":[{"start":{"line":86,"column":6},"end":{"line":138,"column":13}},{"start":{"line":139,"column":6},"end":{"line":145,"column":13}},{"start":{"line":146,"column":6},"end":{"line":146,"column":28}},{"start":{"line":147,"column":6},"end":{"line":150,"column":13}},{"start":{"line":151,"column":6},"end":{"line":158,"column":13}},{"start":{"line":159,"column":6},"end":{"line":162,"column":13}},{"start":{"line":163,"column":6},"end":{"line":163,"column":25}},{"start":{"line":164,"column":6},"end":{"line":167,"column":13}},{"start":{"line":168,"column":6},"end":{"line":169,"column":24}},{"start":{"line":170,"column":6},"end":{"line":170,"column":25}},{"start":{"line":171,"column":6},"end":{"line":171,"column":28}},{"start":{"line":172,"column":6},"end":{"line":172,"column":25}},{"start":{"line":173,"column":6},"end":{"line":173,"column":26}},{"start":{"line":174,"column":6},"end":{"line":174,"column":27}},{"start":{"line":175,"column":6},"end":{"line":175,"column":30}},{"start":{"line":176,"column":6},"end":{"line":176,"column":33}},{"start":{"line":177,"column":6},"end":{"line":180,"column":13}},{"start":{"line":181,"column":6},"end":{"line":183,"column":13}}]},"9":{"line":89,"type":"if","locations":[{"start":{"line":89,"column":9},"end":{"line":89,"column":9}},{"start":{"line":89,"column":9},"end":{"line":89,"column":9}}]},"10":{"line":148,"type":"cond-expr","locations":[{"start":{"line":148,"column":55},"end":{"line":148,"column":59}},{"start":{"line":148,"column":62},"end":{"line":148,"column":66}}]},"11":{"line":152,"type":"if","locations":[{"start":{"line":152,"column":7},"end":{"line":152,"column":7}},{"start":{"line":152,"column":7},"end":{"line":152,"column":7}}]},"12":{"line":153,"type":"if","locations":[{"start":{"line":153,"column":8},"end":{"line":153,"column":8}},{"start":{"line":153,"column":8},"end":{"line":153,"column":8}}]},"13":{"line":189,"type":"cond-expr","locations":[{"start":{"line":189,"column":49},"end":{"line":189,"column":63}},{"start":{"line":189,"column":66},"end":{"line":189,"column":75}}]}},"code":["//Released to the public domain.","","var http=require('http');","var socketio=require('socket.io');","var child=require('child_process');","","function callbackOrDummy(callback){","\tif(callback===undefined)callback=function(){};","\treturn callback;","}","function unwrapArray(arr) {","\treturn arr && arr.length == 1 ? arr[0] : arr","}","","module.exports={","\tcreate:function(callback,options){","\t\tif(options===undefined)options={};","\t\tif(options.phantomPath===undefined)options.phantomPath='phantomjs';","\t\tif(options.parameters===undefined)options.parameters={};","","\t\tfunction spawnPhantom(port,callback){","\t\t\tvar args=[];","\t\t\tfor(var parm in options.parameters) {","\t\t\t\targs.push('--' + parm + '=' + options.parameters[parm]);","\t\t\t}","\t\t\targs=args.concat([__dirname + '/bridge.js', port]);","","\t\t\tvar phantom=child.spawn(options.phantomPath,args);","\t\t\tphantom.stdout.on('data',function(data){","\t\t\t\treturn console.log('phantom stdout: '+data);","\t\t\t});","\t\t\tphantom.stderr.on('data',function(data){","\t\t\t\treturn console.warn('phantom stderr: '+data);","\t\t\t});","\t\t\tvar hasErrors=false;","\t\t\tphantom.on('error',function(){","\t\t\t\thasErrors=true;","\t\t\t});","\t\t\tphantom.on('exit',function(code){","\t\t\t\thasErrors=true; //if phantom exits it is always an error","\t\t\t});","\t\t\tsetTimeout(function(){ //wait a bit to see if the spawning of phantomjs immediately fails due to bad path or similar","\t\t\t\tcallback(hasErrors,phantom);","\t\t\t},100);","\t\t}","\t\t","\t\tvar server=http.createServer(function(request,response){","\t\t\tresponse.writeHead(200,{\"Content-Type\": \"text/html\"});","\t\t\tresponse.end('<html><head><script src=\"/socket.io/socket.io.js\" type=\"text/javascript\"></script><script type=\"text/javascript\">\\n\\","\t\t\t\twindow.onload=function(){\\n\\","\t\t\t\t\tvar socket = new io.connect(\"http://\" + window.location.hostname);\\n\\","\t\t\t\t\tsocket.on(\"cmd\", function(msg){\\n\\","\t\t\t\t\t\talert(msg);\\n\\","\t\t\t\t\t});\\n\\","\t\t\t\t\twindow.socket = socket;\\n\\","\t\t\t\t};\\n\\","\t\t\t</script></head><body></body></html>');","\t\t}).listen(function(){\t\t\t","\t\t\tvar io=socketio.listen(server,{'log level':1});","\t","\t\t\tvar port=server.address().port;","\t\t\tspawnPhantom(port,function(err,phantom){","\t\t\t\tif(err){","\t\t\t\t\tserver.close();","\t\t\t\t\tcallback(true);","\t\t\t\t\treturn;","\t\t\t\t}","\t\t\t\tvar pages={};","\t\t\t\tvar cmds={};","\t\t\t\tvar cmdid=0;","\t\t\t\tfunction request(socket,args,callback){","\t\t\t\t\targs.splice(1,0,cmdid);","//\t\t\t\t\tconsole.log('requesting:'+args);","\t\t\t\t\tsocket.emit('cmd',JSON.stringify(args));","\t","\t\t\t\t\tcmds[cmdid]={cb:callback};","\t\t\t\t\tcmdid++;","\t\t\t\t}","\t\t\t","\t\t\t\tio.sockets.on('connection',function(socket){","\t\t\t\t\tsocket.on('res',function(response){","//\t\t\t\t\t\tconsole.log(response);","\t\t\t\t\t\tvar id=response[0];","\t\t\t\t\t\tvar cmdId=response[1];","\t\t\t\t\t\tswitch(response[2]){","\t\t\t\t\t\tcase 'pageCreated':","\t\t\t\t\t\t\tvar pageProxy={","\t\t\t\t\t\t\t\topen:function(url, callback){","\t\t\t\t\t\t\t\t\tif(callback === undefined){","\t\t\t\t\t\t\t\t\t\trequest(socket, [id, 'pageOpen', url]);","\t\t\t\t\t\t\t\t\t}else{","\t\t\t\t\t\t\t\t\t\trequest(socket, [id, 'pageOpenWithCallback', url], callback);","\t\t\t\t\t\t\t\t\t}","\t\t\t\t\t\t\t\t},","\t\t\t\t\t\t\t\tclose:function(callback){","\t\t\t\t\t\t\t\t\trequest(socket,[id,'pageClose'],callbackOrDummy(callback));","\t\t\t\t\t\t\t\t},","\t\t\t\t\t\t\t\trender:function(filename,callback){","\t\t\t\t\t\t\t\t\trequest(socket,[id,'pageRender',filename],callbackOrDummy(callback));","\t\t\t\t\t\t\t\t},","\t\t\t\t\t\t\t\trenderBase64:function(extension,callback){","\t\t\t\t\t\t\t\t\trequest(socket,[id,'pageRenderBase64',extension],callbackOrDummy(callback));","\t\t\t\t\t\t\t\t},","\t\t\t\t\t\t\t\tinjectJs:function(url,callback){","\t\t\t\t\t\t\t\t\trequest(socket,[id,'pageInjectJs',url],callbackOrDummy(callback));","\t\t\t\t\t\t\t\t},","\t\t\t\t\t\t\t\tincludeJs:function(url,callback){","\t\t\t\t\t\t\t\t\trequest(socket,[id,'pageIncludeJs',url],callbackOrDummy(callback));","\t\t\t\t\t\t\t\t},","\t\t\t\t\t\t\t\tsendEvent:function(event,x,y,callback){","\t\t\t\t\t\t\t\t\trequest(socket,[id,'pageSendEvent',event,x,y],callbackOrDummy(callback));","\t\t\t\t\t\t\t\t},","\t\t\t\t\t\t\t\tuploadFile:function(selector,filename,callback){","\t\t\t\t\t\t\t\t\trequest(socket,[id,'pageUploadFile',selector,filename],callbackOrDummy(callback));","\t\t\t\t\t\t\t\t},","\t\t\t\t\t\t\t\tevaluate:function(evaluator,callback){","\t\t\t\t\t\t\t\t\trequest(socket,[id,'pageEvaluate',evaluator.toString()].concat(Array.prototype.slice.call(arguments,2)),callbackOrDummy(callback));","\t\t\t\t\t\t\t\t},","\t                            evaluateAsync:function(evaluator,callback){","\t\t\t\t\t\t\t\t\trequest(socket,[id,'pageEvaluateAsync',evaluator.toString()].concat(Array.prototype.slice.call(arguments,2)),callbackOrDummy(callback));","\t\t\t\t\t\t\t\t},","\t\t\t\t\t\t\t\tset:function(name,value,callback){","\t\t\t\t\t\t\t\t\trequest(socket,[id,'pageSet',name,value],callbackOrDummy(callback));","\t\t\t\t\t\t\t\t},","\t\t\t\t\t\t\t\tget:function(name,callback){","\t\t\t\t\t\t\t\t\trequest(socket,[id,'pageGet',name],callbackOrDummy(callback));","\t\t\t\t\t\t\t\t},","\t\t\t\t\t\t\t\tsetFn: function(pageCallbackName, fn, callback) {","\t\t\t\t\t\t\t\t\trequest(socket, [id, 'pageSetFn', pageCallbackName, fn.toString()], callbackOrDummy(callback));","\t\t\t\t\t\t\t\t},","\t\t\t\t\t\t\t\tsetViewport: function(viewport, callback) {","\t\t\t\t\t\t\t\t\trequest(socket, [id, 'pageSetViewport', viewport.width, viewport.height], callbackOrDummy(callback));","\t\t\t\t\t\t\t\t}","\t\t\t\t\t\t\t}","\t\t\t\t\t\t\tpages[id] = pageProxy;","\t\t\t\t\t\t\tcmds[cmdId].cb(null,pageProxy);","\t\t\t\t\t\t\tdelete cmds[cmdId];","\t\t\t\t\t\t\tbreak;","\t\t\t\t\t\tcase 'phantomExited':","\t\t\t\t\t\t\trequest(socket,[0,'exitAck']);","\t\t\t\t\t\t\tserver.close();","\t\t\t\t\t\t\tio.set('client store expiration', 0);","\t\t\t\t\t\t\tcmds[cmdId].cb();","\t\t\t\t\t\t\tdelete cmds[cmdId];","\t\t\t\t\t\t\tbreak;","\t\t\t\t\t\tcase 'pageJsInjected':","\t\t\t\t\t\tcase 'jsInjected':","\t\t\t\t\t\t\tcmds[cmdId].cb(JSON.parse(response[3])===true ? null : true);","\t\t\t\t\t\t\tdelete cmds[cmdId];","\t\t\t\t\t\t\tbreak;","\t\t\t\t\t\tcase 'pageOpened':","\t\t\t\t\t\t\tif(cmds[cmdId]!==undefined){ //if page is redirected, the pageopen event is called again - we do not want that currently.","\t\t\t\t\t\t\t\tif(cmds[cmdId].cb !== undefined){","\t\t\t\t\t\t\t\t\tcmds[cmdId].cb(null, response[3]);","\t\t\t\t\t\t\t\t}","\t\t\t\t\t\t\t\tdelete cmds[cmdId];","\t\t\t\t\t\t\t}","\t\t\t\t\t\t\tbreak;","\t\t\t\t\t\tcase 'pageRenderBase64Done':","\t\t\t\t\t\t\tcmds[cmdId].cb(null,response[3]);","\t\t\t\t\t\t\tdelete cmds[cmdId];","\t\t\t\t\t\t\tbreak;","\t\t\t\t\t\tcase 'pageGetDone':","\t\t\t\t\t\tcase 'pageEvaluated':","\t\t\t\t\t\t\tcmds[cmdId].cb(null,JSON.parse(response[3]));","\t\t\t\t\t\t\tdelete cmds[cmdId];","\t\t\t\t\t\t\tbreak;","\t\t\t\t\t\tcase 'pageClosed':","\t\t\t\t\t\t\tdelete pages[id]; // fallthru","\t\t\t\t\t\tcase 'pageSetDone':","\t\t\t\t\t\tcase 'pageJsIncluded':","\t\t\t\t\t\tcase 'cookieAdded':","\t\t\t\t\t\tcase 'pageRendered':","\t\t\t\t\t\tcase 'pageEventSent':","\t\t\t\t\t\tcase 'pageFileUploaded':","\t\t\t\t\t\tcase 'pageSetViewportDone':","\t\t\t\t\t\tcase 'pageEvaluatedAsync':","\t\t\t\t\t\t\tcmds[cmdId].cb(null);","\t\t\t\t\t\t\tdelete cmds[cmdId];","\t\t\t\t\t\t\tbreak;","\t\t\t\t\t\tdefault:","\t\t\t\t\t\t\tconsole.error('got unrecognized response:'+response);","\t\t\t\t\t\t\tbreak;","\t\t\t\t\t\t}","\t\t\t\t\t});","\t\t\t\t\tsocket.on('push', function(request) {","\t\t\t\t\t\tvar id = request[0];","\t\t\t\t\t\tvar cmd = request[1];","\t\t\t\t\t\tvar callback = callbackOrDummy(pages[id] ? pages[id][cmd] : undefined);","\t\t\t\t\t\tcallback(unwrapArray(request[2]));","\t\t\t\t\t});","\t\t\t\t\tvar proxy={","\t\t\t\t\t\tcreatePage:function(callback){","\t\t\t\t\t\t\trequest(socket,[0,'createPage'],callbackOrDummy(callback));","\t\t\t\t\t\t},","\t\t\t\t\t\tinjectJs:function(filename,callback){","\t\t\t\t\t\t\trequest(socket,[0,'injectJs',filename],callbackOrDummy(callback));","\t\t\t\t\t\t},","\t\t\t\t\t\taddCookie: function(cookie, callback){","\t\t\t\t\t\t\trequest(socket,[0,'addCookie', cookie],callbackOrDummy(callback));","\t\t\t\t\t\t},","\t\t\t\t\t\texit:function(callback){","\t\t\t\t\t\t\tphantom.removeListener('exit',prematureExitHandler); //an exit is no longer premature now","\t\t\t\t\t\t\trequest(socket,[0,'exit'],callbackOrDummy(callback));","\t\t\t\t\t\t},","\t\t\t\t\t\ton: function(){","\t\t\t\t\t\t\tphantom.on.apply(phantom, arguments);","\t\t\t\t\t\t},","\t\t\t\t\t\t_phantom: phantom","\t\t\t\t\t};","\t\t\t\t","\t\t\t\t\tcallback(null,proxy);","\t\t\t\t});","\t","\t\t\t\t// An exit event listener that is registered AFTER the phantomjs process","\t\t\t\t// is successfully created.","\t\t\t\tvar prematureExitHandler=function(code,signal){","\t\t\t\t\tconsole.warn('phantom crash: code '+code);","\t\t\t\t\tserver.close();","\t\t\t\t};","\t\t\t\t","\t\t\t\tphantom.on('exit',prematureExitHandler);","\t\t\t});","\t\t});","\t}","};",""],"l":{"3":1,"4":1,"5":1,"7":1,"8":0,"9":0,"11":1,"12":0,"15":1,"17":0,"18":0,"19":0,"21":1,"22":0,"23":0,"24":0,"26":0,"28":0,"29":0,"30":0,"32":0,"33":0,"35":0,"36":0,"37":0,"39":0,"40":0,"42":0,"43":0,"47":0,"48":0,"49":0,"59":0,"61":0,"62":0,"63":0,"64":0,"65":0,"66":0,"68":0,"69":0,"70":0,"71":1,"72":0,"74":0,"76":0,"77":0,"80":0,"81":0,"83":0,"84":0,"85":0,"87":0,"89":0,"90":0,"92":0,"96":0,"99":0,"102":0,"105":0,"108":0,"111":0,"114":0,"117":0,"120":0,"123":0,"126":0,"129":0,"132":0,"135":0,"136":0,"137":0,"138":0,"140":0,"141":0,"142":0,"143":0,"144":0,"145":0,"148":0,"149":0,"150":0,"152":0,"153":0,"154":0,"156":0,"158":0,"160":0,"161":0,"162":0,"165":0,"166":0,"167":0,"169":0,"178":0,"179":0,"180":0,"182":0,"183":0,"186":0,"187":0,"188":0,"189":0,"190":0,"192":0,"194":0,"197":0,"200":0,"203":0,"204":0,"207":0,"212":0,"217":0,"218":0,"219":0,"222":0}},"/home/travis/build/npmtest/node-npmtest-node-phantom/node_modules/node-phantom/bridge.js":{"path":"/home/travis/build/npmtest/node-npmtest-node-phantom/node_modules/node-phantom/bridge.js","s":{"1":2,"2":0,"3":0,"4":1,"5":0,"6":0,"7":0,"8":1,"9":0,"10":1,"11":0,"12":0,"13":0,"14":0,"15":0,"16":0,"17":0,"18":0,"19":0,"20":0,"21":0,"22":0,"23":0,"24":0,"25":0,"26":0,"27":0,"28":0,"29":0,"30":0,"31":0,"32":0,"33":0,"34":0,"35":0,"36":0,"37":0,"38":0,"39":0,"40":0,"41":0,"42":0,"43":0,"44":0,"45":0,"46":0,"47":0,"48":0,"49":0,"50":0,"51":0,"52":0,"53":0,"54":0,"55":0,"56":0,"57":0,"58":0,"59":0,"60":0,"61":0,"62":0,"63":0,"64":0,"65":0,"66":0,"67":0,"68":0,"69":0,"70":0,"71":0,"72":0,"73":0,"74":0,"75":0,"76":0,"77":0,"78":0,"79":0,"80":0,"81":0,"82":0,"83":0,"84":0,"85":0,"86":0,"87":0,"88":0,"89":0,"90":0,"91":0,"92":0,"93":0,"94":0,"95":0,"96":0},"b":{"1":[0,0],"2":[0,0],"3":[0,0],"4":[0,0,0,0,0,0],"5":[0,0,0,0,0,0,0,0,0,0,0,0,0,0,0,0],"6":[0,0]},"f":{"1":0,"2":0,"3":0,"4":0,"5":0,"6":0,"7":0,"8":0,"9":0,"10":0},"fnMap":{"1":{"name":"respond","line":8,"loc":{"start":{"line":8,"column":0},"end":{"line":8,"column":26}}},"2":{"name":"setupPushNotifications","line":16,"loc":{"start":{"line":16,"column":0},"end":{"line":16,"column":42}}},"3":{"name":"push","line":20,"loc":{"start":{"line":20,"column":1},"end":{"line":20,"column":28}}},"4":{"name":"(anonymous_4)","line":23,"loc":{"start":{"line":23,"column":19},"end":{"line":23,"column":32}}},"5":{"name":"(anonymous_5)","line":24,"loc":{"start":{"line":24,"column":11},"end":{"line":24,"column":25}}},"6":{"name":"(anonymous_6)","line":33,"loc":{"start":{"line":33,"column":20},"end":{"line":33,"column":33}}},"7":{"name":"(anonymous_7)","line":73,"loc":{"start":{"line":73,"column":25},"end":{"line":73,"column":41}}},"8":{"name":"(anonymous_8)","line":87,"loc":{"start":{"line":87,"column":30},"end":{"line":87,"column":40}}},"9":{"name":"(anonymous_9)","line":141,"loc":{"start":{"line":141,"column":29},"end":{"line":141,"column":42}}},"10":{"name":"(anonymous_10)","line":145,"loc":{"start":{"line":145,"column":46},"end":{"line":145,"column":62}}}},"statementMap":{"1":{"start":{"line":3,"column":0},"end":{"line":3,"column":25}},"2":{"start":{"line":4,"column":0},"end":{"line":4,"column":31}},"3":{"start":{"line":5,"column":0},"end":{"line":5,"column":33}},"4":{"start":{"line":8,"column":0},"end":{"line":11,"column":1}},"5":{"start":{"line":10,"column":1},"end":{"line":10,"column":86}},"6":{"start":{"line":13,"column":0},"end":{"line":13,"column":13}},"7":{"start":{"line":14,"column":0},"end":{"line":14,"column":13}},"8":{"start":{"line":16,"column":0},"end":{"line":31,"column":1}},"9":{"start":{"line":17,"column":1},"end":{"line":19,"column":45}},"10":{"start":{"line":20,"column":1},"end":{"line":22,"column":2}},"11":{"start":{"line":21,"column":2},"end":{"line":21,"column":92}},"12":{"start":{"line":23,"column":1},"end":{"line":30,"column":4}},"13":{"start":{"line":24,"column":2},"end":{"line":29,"column":4}},"14":{"start":{"line":25,"column":3},"end":{"line":25,"column":58}},"15":{"start":{"line":26,"column":3},"end":{"line":26,"column":81}},"16":{"start":{"line":26,"column":74},"end":{"line":26,"column":81}},"17":{"start":{"line":28,"column":3},"end":{"line":28,"column":32}},"18":{"start":{"line":33,"column":0},"end":{"line":139,"column":2}},"19":{"start":{"line":34,"column":1},"end":{"line":34,"column":29}},"20":{"start":{"line":35,"column":1},"end":{"line":35,"column":22}},"21":{"start":{"line":37,"column":1},"end":{"line":136,"column":2}},"22":{"start":{"line":38,"column":2},"end":{"line":63,"column":3}},"23":{"start":{"line":40,"column":3},"end":{"line":40,"column":19}},"24":{"start":{"line":41,"column":3},"end":{"line":41,"column":29}},"25":{"start":{"line":42,"column":3},"end":{"line":42,"column":18}},"26":{"start":{"line":43,"column":3},"end":{"line":43,"column":36}},"27":{"start":{"line":44,"column":3},"end":{"line":44,"column":37}},"28":{"start":{"line":45,"column":3},"end":{"line":45,"column":9}},"29":{"start":{"line":47,"column":3},"end":{"line":47,"column":44}},"30":{"start":{"line":48,"column":3},"end":{"line":48,"column":43}},"31":{"start":{"line":49,"column":3},"end":{"line":49,"column":9}},"32":{"start":{"line":51,"column":3},"end":{"line":51,"column":33}},"33":{"start":{"line":52,"column":3},"end":{"line":52,"column":44}},"34":{"start":{"line":53,"column":3},"end":{"line":53,"column":9}},"35":{"start":{"line":55,"column":3},"end":{"line":55,"column":38}},"36":{"start":{"line":56,"column":3},"end":{"line":56,"column":9}},"37":{"start":{"line":58,"column":3},"end":{"line":58,"column":18}},"38":{"start":{"line":59,"column":3},"end":{"line":59,"column":9}},"39":{"start":{"line":61,"column":3},"end":{"line":61,"column":50}},"40":{"start":{"line":62,"column":3},"end":{"line":62,"column":9}},"41":{"start":{"line":66,"column":2},"end":{"line":66,"column":20}},"42":{"start":{"line":67,"column":2},"end":{"line":67,"column":21}},"43":{"start":{"line":68,"column":2},"end":{"line":135,"column":3}},"44":{"start":{"line":70,"column":3},"end":{"line":70,"column":25}},"45":{"start":{"line":71,"column":3},"end":{"line":71,"column":9}},"46":{"start":{"line":73,"column":3},"end":{"line":75,"column":6}},"47":{"start":{"line":74,"column":4},"end":{"line":74,"column":47}},"48":{"start":{"line":76,"column":3},"end":{"line":76,"column":9}},"49":{"start":{"line":78,"column":3},"end":{"line":78,"column":16}},"50":{"start":{"line":79,"column":3},"end":{"line":79,"column":36}},"51":{"start":{"line":80,"column":3},"end":{"line":80,"column":9}},"52":{"start":{"line":82,"column":3},"end":{"line":82,"column":40}},"53":{"start":{"line":83,"column":3},"end":{"line":83,"column":63}},"54":{"start":{"line":84,"column":3},"end":{"line":84,"column":9}},"55":{"start":{"line":86,"column":3},"end":{"line":86,"column":32}},"56":{"start":{"line":87,"column":3},"end":{"line":91,"column":6}},"57":{"start":{"line":88,"column":4},"end":{"line":88,"column":33}},"58":{"start":{"line":88,"column":26},"end":{"line":88,"column":33}},"59":{"start":{"line":89,"column":4},"end":{"line":89,"column":41}},"60":{"start":{"line":90,"column":4},"end":{"line":90,"column":28}},"61":{"start":{"line":92,"column":3},"end":{"line":92,"column":9}},"62":{"start":{"line":94,"column":3},"end":{"line":94,"column":52}},"63":{"start":{"line":95,"column":3},"end":{"line":95,"column":39}},"64":{"start":{"line":96,"column":3},"end":{"line":96,"column":9}},"65":{"start":{"line":98,"column":3},"end":{"line":98,"column":42}},"66":{"start":{"line":99,"column":3},"end":{"line":99,"column":42}},"67":{"start":{"line":100,"column":3},"end":{"line":100,"column":9}},"68":{"start":{"line":102,"column":3},"end":{"line":102,"column":57}},"69":{"start":{"line":103,"column":3},"end":{"line":103,"column":62}},"70":{"start":{"line":104,"column":3},"end":{"line":104,"column":9}},"71":{"start":{"line":106,"column":3},"end":{"line":106,"column":51}},"72":{"start":{"line":107,"column":3},"end":{"line":107,"column":44}},"73":{"start":{"line":108,"column":3},"end":{"line":108,"column":9}},"74":{"start":{"line":110,"column":3},"end":{"line":110,"column":27}},"75":{"start":{"line":111,"column":3},"end":{"line":111,"column":38}},"76":{"start":{"line":112,"column":3},"end":{"line":112,"column":9}},"77":{"start":{"line":114,"column":3},"end":{"line":114,"column":44}},"78":{"start":{"line":115,"column":3},"end":{"line":115,"column":54}},"79":{"start":{"line":116,"column":3},"end":{"line":116,"column":9}},"80":{"start":{"line":118,"column":3},"end":{"line":118,"column":31}},"81":{"start":{"line":119,"column":3},"end":{"line":119,"column":37}},"82":{"start":{"line":120,"column":3},"end":{"line":120,"column":9}},"83":{"start":{"line":122,"column":3},"end":{"line":122,"column":31}},"84":{"start":{"line":123,"column":3},"end":{"line":123,"column":60}},"85":{"start":{"line":124,"column":3},"end":{"line":124,"column":9}},"86":{"start":{"line":126,"column":3},"end":{"line":126,"column":50}},"87":{"start":{"line":127,"column":3},"end":{"line":127,"column":9}},"88":{"start":{"line":129,"column":3},"end":{"line":129,"column":61}},"89":{"start":{"line":130,"column":3},"end":{"line":130,"column":45}},"90":{"start":{"line":131,"column":3},"end":{"line":131,"column":9}},"91":{"start":{"line":133,"column":3},"end":{"line":133,"column":50}},"92":{"start":{"line":134,"column":3},"end":{"line":134,"column":9}},"93":{"start":{"line":138,"column":1},"end":{"line":138,"column":8}},"94":{"start":{"line":141,"column":0},"end":{"line":143,"column":2}},"95":{"start":{"line":142,"column":1},"end":{"line":142,"column":40}},"96":{"start":{"line":145,"column":0},"end":{"line":147,"column":3}}},"branchMap":{"1":{"line":26,"type":"if","locations":[{"start":{"line":26,"column":3},"end":{"line":26,"column":3}},{"start":{"line":26,"column":3},"end":{"line":26,"column":3}}]},"2":{"line":26,"type":"binary-expr","locations":[{"start":{"line":26,"column":7},"end":{"line":26,"column":33}},{"start":{"line":26,"column":37},"end":{"line":26,"column":71}}]},"3":{"line":37,"type":"if","locations":[{"start":{"line":37,"column":1},"end":{"line":37,"column":1}},{"start":{"line":37,"column":1},"end":{"line":37,"column":1}}]},"4":{"line":38,"type":"switch","locations":[{"start":{"line":39,"column":2},"end":{"line":45,"column":9}},{"start":{"line":46,"column":2},"end":{"line":49,"column":9}},{"start":{"line":50,"column":2},"end":{"line":53,"column":9}},{"start":{"line":54,"column":2},"end":{"line":56,"column":9}},{"start":{"line":57,"column":2},"end":{"line":59,"column":9}},{"start":{"line":60,"column":2},"end":{"line":62,"column":9}}]},"5":{"line":68,"type":"switch","locations":[{"start":{"line":69,"column":2},"end":{"line":71,"column":9}},{"start":{"line":72,"column":2},"end":{"line":76,"column":9}},{"start":{"line":77,"column":2},"end":{"line":80,"column":9}},{"start":{"line":81,"column":2},"end":{"line":84,"column":9}},{"start":{"line":85,"column":2},"end":{"line":92,"column":9}},{"start":{"line":93,"column":2},"end":{"line":96,"column":9}},{"start":{"line":97,"column":2},"end":{"line":100,"column":9}},{"start":{"line":101,"column":2},"end":{"line":104,"column":9}},{"start":{"line":105,"column":8},"end":{"line":108,"column":9}},{"start":{"line":109,"column":2},"end":{"line":112,"column":9}},{"start":{"line":113,"column":2},"end":{"line":116,"column":9}},{"start":{"line":117,"column":2},"end":{"line":120,"column":9}},{"start":{"line":121,"column":2},"end":{"line":124,"column":9}},{"start":{"line":125,"column":2},"end":{"line":127,"column":9}},{"start":{"line":128,"column":2},"end":{"line":131,"column":9}},{"start":{"line":132,"column":2},"end":{"line":134,"column":9}}]},"6":{"line":88,"type":"if","locations":[{"start":{"line":88,"column":4},"end":{"line":88,"column":4}},{"start":{"line":88,"column":4},"end":{"line":88,"column":4}}]}},"code":["//Released to the public domain.","","var port=phantom.args[0];","var webpage=require('webpage');","var controlpage=webpage.create();","","","function respond(response){","//\tconsole.log('responding:'+response);","\tcontrolpage.evaluate('function(){socket.emit(\"res\",'+JSON.stringify(response)+');}');","}","","var pages={};","var pageId=1;","","function setupPushNotifications(id, page) {","\tvar callbacks=['onAlert','onConfirm','onConsoleMessage','onError','onInitialized','onLoadFinished',","\t               'onLoadStarted','onPrompt','onResourceRequested','onResourceReceived','onResourceError',","\t               'onUrlChanged','onCallback'];","\tfunction push(notification){","\t\tcontrolpage.evaluate('function(){socket.emit(\"push\",'+JSON.stringify(notification)+');}');","\t}","\tcallbacks.forEach(function(cb) {","\t\tpage[cb]=function(parm){","\t\t\tvar notification=Array.prototype.slice.call(arguments);","\t\t\tif((cb==='onResourceRequested')&&(parm.url.indexOf('data:image')===0)) return;","","\t\t\tpush([id, cb, notification]);","\t\t};","\t});","}","","controlpage.onAlert=function(msg){","\tvar request=JSON.parse(msg);","\tvar cmdId=request[1];","//\tconsole.log(request);","\tif(request[0]===0){","\t\tswitch(request[2]){","\t\tcase 'createPage':","\t\t\tvar id=pageId++;","\t\t\tvar page=webpage.create();","\t\t\tpages[id]=page;","\t\t\tsetupPushNotifications(id, page);","\t\t\trespond([id,cmdId,'pageCreated']);","\t\t\tbreak;","\t\tcase 'injectJs':","\t\t\tvar success=phantom.injectJs(request[3]);","\t\t\trespond([0,cmdId,'jsInjected',success]);","\t\t\tbreak;","\t\tcase 'addCookie':","\t\t\tphantom.addCookie(request[3]);","\t\t\trespond([0,cmdId,'cookieAdded',success]);","\t\t\tbreak;","\t\tcase 'exit':","\t\t\trespond([0,cmdId,'phantomExited']); //optimistically to get the response back before the line is cut","\t\t\tbreak;","\t\tcase 'exitAck':","\t\t\tphantom.exit();","\t\t\tbreak;","\t\tdefault:","\t\t\tconsole.error('unrecognized request:'+request);","\t\t\tbreak;","\t\t}","\t}","\telse{","\t\tvar id=request[0];","\t\tvar page=pages[id];","\t\tswitch(request[2]){","\t\tcase 'pageOpen':","\t\t\tpage.open(request[3]);","\t\t\tbreak;","\t\tcase 'pageOpenWithCallback':","\t\t\tpage.open(request[3], function(status){","\t\t\t\trespond([id, cmdId, 'pageOpened', status]);","\t\t\t});","\t\t\tbreak;","\t\tcase 'pageClose':","\t\t\tpage.close();","\t\t\trespond([id,cmdId,'pageClosed']);","\t\t\tbreak;","\t\tcase 'pageInjectJs':","\t\t\tvar result=page.injectJs(request[3]);","\t\t\trespond([id,cmdId,'pageJsInjected',JSON.stringify(result)]);","\t\t\tbreak;","\t\tcase 'pageIncludeJs':","\t\t\tvar alreadyGotCallback=false;","\t\t\tpage.includeJs(request[3], function(){","\t\t\t\tif(alreadyGotCallback)return;","\t\t\t\trespond([id,cmdId,'pageJsIncluded']);","\t\t\t\talreadyGotCallback=true;","\t\t\t});","\t\t\tbreak;","\t\tcase 'pageSendEvent':","\t\t\tpage.sendEvent(request[3],request[4],request[5]);","\t\t\trespond([id,cmdId,'pageEventSent']);","\t\t\tbreak;","\t\tcase 'pageUploadFile':","\t\t\tpage.uploadFile(request[3],request[4]);","\t\t\trespond([id,cmdId,'pageFileUploaded']);","\t\t\tbreak;","\t\tcase 'pageEvaluate':","\t\t\tvar result=page.evaluate.apply(page,request.slice(3));","\t\t\trespond([id,cmdId,'pageEvaluated',JSON.stringify(result)]);","\t\t\tbreak;","        case 'pageEvaluateAsync':","\t\t\tpage.evaluateAsync.apply(page,request.slice(3));","\t\t\trespond([id,cmdId,'pageEvaluatedAsync']);","\t\t\tbreak;","\t\tcase 'pageRender':","\t\t\tpage.render(request[3]);","\t\t\trespond([id,cmdId,'pageRendered']);","\t\t\tbreak;","\t\tcase 'pageRenderBase64':","\t\t\tvar result=page.renderBase64(request[3]);","\t\t\trespond([id,cmdId,'pageRenderBase64Done', result]);","\t\t\tbreak;","\t\tcase 'pageSet':","\t\t\tpage[request[3]]=request[4];","\t\t\trespond([id,cmdId,'pageSetDone']);","\t\t\tbreak;","\t\tcase 'pageGet':","\t\t\tvar result=page[request[3]];","\t\t\trespond([id,cmdId,'pageGetDone',JSON.stringify(result)]);","\t\t\tbreak;","\t\tcase 'pageSetFn':","\t\t\tpage[request[3]] = eval('(' + request[4] + ')')","\t\t\tbreak;","\t\tcase 'pageSetViewport':","\t\t\tpage.viewportSize = {width:request[3], height:request[4]};","\t\t\trespond([id,cmdId,'pageSetViewportDone']);","\t\t\tbreak;","\t\tdefault:","\t\t\tconsole.error('unrecognized request:'+request);","\t\t\tbreak;","\t\t}","\t}","\t//console.log('command:'+parts[1]);","\treturn;","};","","controlpage.onConsoleMessage=function(msg){","\treturn console.log('console msg:'+msg);","};","","controlpage.open('http://127.0.0.1:'+port+'/',function(status){","\t//console.log(status);","});",""],"l":{"3":2,"4":0,"5":0,"8":1,"10":0,"13":0,"14":0,"16":1,"17":0,"20":1,"21":0,"23":0,"24":0,"25":0,"26":0,"28":0,"33":0,"34":0,"35":0,"37":0,"38":0,"40":0,"41":0,"42":0,"43":0,"44":0,"45":0,"47":0,"48":0,"49":0,"51":0,"52":0,"53":0,"55":0,"56":0,"58":0,"59":0,"61":0,"62":0,"66":0,"67":0,"68":0,"70":0,"71":0,"73":0,"74":0,"76":0,"78":0,"79":0,"80":0,"82":0,"83":0,"84":0,"86":0,"87":0,"88":0,"89":0,"90":0,"92":0,"94":0,"95":0,"96":0,"98":0,"99":0,"100":0,"102":0,"103":0,"104":0,"106":0,"107":0,"108":0,"110":0,"111":0,"112":0,"114":0,"115":0,"116":0,"118":0,"119":0,"120":0,"122":0,"123":0,"124":0,"126":0,"127":0,"129":0,"130":0,"131":0,"133":0,"134":0,"138":0,"141":0,"142":0,"145":0}}}